[2024-12-30 11:05:25 INFO background-preinit] [org.hibernate.validator.internal.util.Version] HV000001: Hibernate Validator 8.0.1.Final
[2024-12-30 11:05:25 INFO Test worker] [com.green.greengramver.feed.like.FeedLikeMapperTest] Starting FeedLikeMapperTest using Java 17.0.12 with PID 4784 (started by Administrator in D:\SGSG\GreenGramTdd)
[2024-12-30 11:05:25 INFO Test worker] [com.green.greengramver.feed.like.FeedLikeMapperTest] The following 1 profile is active: "test"
[2024-12-30 11:05:26 INFO Test worker] [com.green.greengramver.feed.like.FeedLikeMapperTest] Started FeedLikeMapperTest in 0.931 seconds (process running for 1.762)
[2024-12-30 11:05:26 INFO Test worker] [com.zaxxer.hikari.HikariDataSource] HikariPool-1 - Starting...
[2024-12-30 11:05:26 INFO Test worker] [com.zaxxer.hikari.pool.HikariPool] HikariPool-1 - Added connection net.sf.log4jdbc.sql.jdbcapi.ConnectionSpy@508ad266
[2024-12-30 11:05:26 INFO Test worker] [com.zaxxer.hikari.HikariDataSource] HikariPool-1 - Start completed.
[2024-12-30 11:05:26 DEBUGTest worker] [jdbc.sqltiming]  com.zaxxer.hikari.pool.ProxyPreparedStatement.execute(ProxyPreparedStatement.java:44)
1. SELECT * FROM feed_like
 {executed in 0 msec}
[2024-12-30 11:05:26 INFO Test worker] [jdbc.resultsettable] 
|--------|--------|--------------------|
|feed_id |user_id |created_at          |
|--------|--------|--------------------|
|1       |2       |2024-11-01 10:10:01 |
|2       |1       |2024-11-01 10:10:02 |
|3       |2       |2024-11-01 10:10:03 |
|--------|--------|--------------------|

[2024-12-30 11:05:26 WARN Test worker] [org.mariadb.jdbc.message.server.ErrorPacket] Error: 1064-42000: You have an error in your SQL syntax; check the manual that corresponds to your MariaDB server version for the right syntax to use near '2' at line 1
[2024-12-30 11:05:26 ERRORTest worker] [jdbc.sqltiming]  com.zaxxer.hikari.pool.ProxyPreparedStatement.execute(ProxyPreparedStatement.java:44)
1. SELECT * FROM feed_like WHERE feed_id = 5 AND user_id 2
 {FAILED after 0 msec}
java.sql.SQLSyntaxErrorException: (conn=4) You have an error in your SQL syntax; check the manual that corresponds to your MariaDB server version for the right syntax to use near '2' at line 1
	at org.mariadb.jdbc.export.ExceptionFactory.createException(ExceptionFactory.java:289)
	at org.mariadb.jdbc.export.ExceptionFactory.create(ExceptionFactory.java:378)
	at org.mariadb.jdbc.message.ClientMessage.readPacket(ClientMessage.java:172)
	at org.mariadb.jdbc.client.impl.StandardClient.readPacket(StandardClient.java:915)
	at org.mariadb.jdbc.client.impl.StandardClient.readResults(StandardClient.java:854)
	at org.mariadb.jdbc.client.impl.StandardClient.readResponse(StandardClient.java:773)
	at org.mariadb.jdbc.client.impl.StandardClient.execute(StandardClient.java:697)
	at org.mariadb.jdbc.ClientPreparedStatement.executeInternal(ClientPreparedStatement.java:93)
	at org.mariadb.jdbc.ClientPreparedStatement.execute(ClientPreparedStatement.java:276)
	at net.sf.log4jdbc.sql.jdbcapi.PreparedStatementSpy.execute(PreparedStatementSpy.java:443)
	at com.zaxxer.hikari.pool.ProxyPreparedStatement.execute(ProxyPreparedStatement.java:44)
	at com.zaxxer.hikari.pool.HikariProxyPreparedStatement.execute(HikariProxyPreparedStatement.java)
	at org.apache.ibatis.executor.statement.PreparedStatementHandler.query(PreparedStatementHandler.java:65)
	at org.apache.ibatis.executor.statement.RoutingStatementHandler.query(RoutingStatementHandler.java:80)
	at org.apache.ibatis.executor.SimpleExecutor.doQuery(SimpleExecutor.java:65)
	at org.apache.ibatis.executor.BaseExecutor.queryFromDatabase(BaseExecutor.java:336)
	at org.apache.ibatis.executor.BaseExecutor.query(BaseExecutor.java:158)
	at org.apache.ibatis.executor.CachingExecutor.query(CachingExecutor.java:110)
	at org.apache.ibatis.executor.CachingExecutor.query(CachingExecutor.java:90)
	at org.apache.ibatis.session.defaults.DefaultSqlSession.selectList(DefaultSqlSession.java:154)
	at org.apache.ibatis.session.defaults.DefaultSqlSession.selectList(DefaultSqlSession.java:147)
	at org.apache.ibatis.session.defaults.DefaultSqlSession.selectList(DefaultSqlSession.java:142)
	at org.apache.ibatis.session.defaults.DefaultSqlSession.selectOne(DefaultSqlSession.java:75)
	at java.base/jdk.internal.reflect.NativeMethodAccessorImpl.invoke0(Native Method)
	at java.base/jdk.internal.reflect.NativeMethodAccessorImpl.invoke(NativeMethodAccessorImpl.java:77)
	at java.base/jdk.internal.reflect.DelegatingMethodAccessorImpl.invoke(DelegatingMethodAccessorImpl.java:43)
	at java.base/java.lang.reflect.Method.invoke(Method.java:569)
	at org.mybatis.spring.SqlSessionTemplate$SqlSessionInterceptor.invoke(SqlSessionTemplate.java:425)
	at jdk.proxy3/jdk.proxy3.$Proxy81.selectOne(Unknown Source)
	at org.mybatis.spring.SqlSessionTemplate.selectOne(SqlSessionTemplate.java:160)
	at org.apache.ibatis.binding.MapperMethod.execute(MapperMethod.java:87)
	at org.apache.ibatis.binding.MapperProxy$PlainMethodInvoker.invoke(MapperProxy.java:141)
	at org.apache.ibatis.binding.MapperProxy.invoke(MapperProxy.java:86)
	at jdk.proxy3/jdk.proxy3.$Proxy85.selFeedLikeByFeedIdAndUserId(Unknown Source)
	at com.green.greengramver.feed.like.FeedLikeMapperTest.insFeedLike(FeedLikeMapperTest.java:95)
	at java.base/jdk.internal.reflect.NativeMethodAccessorImpl.invoke0(Native Method)
	at java.base/jdk.internal.reflect.NativeMethodAccessorImpl.invoke(NativeMethodAccessorImpl.java:77)
	at java.base/jdk.internal.reflect.DelegatingMethodAccessorImpl.invoke(DelegatingMethodAccessorImpl.java:43)
	at java.base/java.lang.reflect.Method.invoke(Method.java:569)
	at org.junit.platform.commons.util.ReflectionUtils.invokeMethod(ReflectionUtils.java:728)
	at org.junit.jupiter.engine.execution.MethodInvocation.proceed(MethodInvocation.java:60)
	at org.junit.jupiter.engine.execution.InvocationInterceptorChain$ValidatingInvocation.proceed(InvocationInterceptorChain.java:131)
	at org.junit.jupiter.engine.extension.TimeoutExtension.intercept(TimeoutExtension.java:156)
	at org.junit.jupiter.engine.extension.TimeoutExtension.interceptTestableMethod(TimeoutExtension.java:147)
	at org.junit.jupiter.engine.extension.TimeoutExtension.interceptTestMethod(TimeoutExtension.java:86)
	at org.junit.jupiter.engine.execution.InterceptingExecutableInvoker$ReflectiveInterceptorCall.lambda$ofVoidMethod$0(InterceptingExecutableInvoker.java:103)
	at org.junit.jupiter.engine.execution.InterceptingExecutableInvoker.lambda$invoke$0(InterceptingExecutableInvoker.java:93)
	at org.junit.jupiter.engine.execution.InvocationInterceptorChain$InterceptedInvocation.proceed(InvocationInterceptorChain.java:106)
	at org.junit.jupiter.engine.execution.InvocationInterceptorChain.proceed(InvocationInterceptorChain.java:64)
	at org.junit.jupiter.engine.execution.InvocationInterceptorChain.chainAndInvoke(InvocationInterceptorChain.java:45)
	at org.junit.jupiter.engine.execution.InvocationInterceptorChain.invoke(InvocationInterceptorChain.java:37)
	at org.junit.jupiter.engine.execution.InterceptingExecutableInvoker.invoke(InterceptingExecutableInvoker.java:92)
	at org.junit.jupiter.engine.execution.InterceptingExecutableInvoker.invoke(InterceptingExecutableInvoker.java:86)
	at org.junit.jupiter.engine.descriptor.TestMethodTestDescriptor.lambda$invokeTestMethod$7(TestMethodTestDescriptor.java:218)
	at org.junit.platform.engine.support.hierarchical.ThrowableCollector.execute(ThrowableCollector.java:73)
	at org.junit.jupiter.engine.descriptor.TestMethodTestDescriptor.invokeTestMethod(TestMethodTestDescriptor.java:214)
	at org.junit.jupiter.engine.descriptor.TestMethodTestDescriptor.execute(TestMethodTestDescriptor.java:139)
	at org.junit.jupiter.engine.descriptor.TestMethodTestDescriptor.execute(TestMethodTestDescriptor.java:69)
	at org.junit.platform.engine.support.hierarchical.NodeTestTask.lambda$executeRecursively$6(NodeTestTask.java:156)
	at org.junit.platform.engine.support.hierarchical.ThrowableCollector.execute(ThrowableCollector.java:73)
	at org.junit.platform.engine.support.hierarchical.NodeTestTask.lambda$executeRecursively$8(NodeTestTask.java:146)
	at org.junit.platform.engine.support.hierarchical.Node.around(Node.java:137)
	at org.junit.platform.engine.support.hierarchical.NodeTestTask.lambda$executeRecursively$9(NodeTestTask.java:144)
	at org.junit.platform.engine.support.hierarchical.ThrowableCollector.execute(ThrowableCollector.java:73)
	at org.junit.platform.engine.support.hierarchical.NodeTestTask.executeRecursively(NodeTestTask.java:143)
	at org.junit.platform.engine.support.hierarchical.NodeTestTask.execute(NodeTestTask.java:100)
	at java.base/java.util.ArrayList.forEach(ArrayList.java:1511)
	at org.junit.platform.engine.support.hierarchical.SameThreadHierarchicalTestExecutorService.invokeAll(SameThreadHierarchicalTestExecutorService.java:41)
	at org.junit.platform.engine.support.hierarchical.NodeTestTask.lambda$executeRecursively$6(NodeTestTask.java:160)
	at org.junit.platform.engine.support.hierarchical.ThrowableCollector.execute(ThrowableCollector.java:73)
	at org.junit.platform.engine.support.hierarchical.NodeTestTask.lambda$executeRecursively$8(NodeTestTask.java:146)
	at org.junit.platform.engine.support.hierarchical.Node.around(Node.java:137)
	at org.junit.platform.engine.support.hierarchical.NodeTestTask.lambda$executeRecursively$9(NodeTestTask.java:144)
	at org.junit.platform.engine.support.hierarchical.ThrowableCollector.execute(ThrowableCollector.java:73)
	at org.junit.platform.engine.support.hierarchical.NodeTestTask.executeRecursively(NodeTestTask.java:143)
	at org.junit.platform.engine.support.hierarchical.NodeTestTask.execute(NodeTestTask.java:100)
	at java.base/java.util.ArrayList.forEach(ArrayList.java:1511)
	at org.junit.platform.engine.support.hierarchical.SameThreadHierarchicalTestExecutorService.invokeAll(SameThreadHierarchicalTestExecutorService.java:41)
	at org.junit.platform.engine.support.hierarchical.NodeTestTask.lambda$executeRecursively$6(NodeTestTask.java:160)
	at org.junit.platform.engine.support.hierarchical.ThrowableCollector.execute(ThrowableCollector.java:73)
	at org.junit.platform.engine.support.hierarchical.NodeTestTask.lambda$executeRecursively$8(NodeTestTask.java:146)
	at org.junit.platform.engine.support.hierarchical.Node.around(Node.java:137)
	at org.junit.platform.engine.support.hierarchical.NodeTestTask.lambda$executeRecursively$9(NodeTestTask.java:144)
	at org.junit.platform.engine.support.hierarchical.ThrowableCollector.execute(ThrowableCollector.java:73)
	at org.junit.platform.engine.support.hierarchical.NodeTestTask.executeRecursively(NodeTestTask.java:143)
	at org.junit.platform.engine.support.hierarchical.NodeTestTask.execute(NodeTestTask.java:100)
	at org.junit.platform.engine.support.hierarchical.SameThreadHierarchicalTestExecutorService.submit(SameThreadHierarchicalTestExecutorService.java:35)
	at org.junit.platform.engine.support.hierarchical.HierarchicalTestExecutor.execute(HierarchicalTestExecutor.java:57)
	at org.junit.platform.engine.support.hierarchical.HierarchicalTestEngine.execute(HierarchicalTestEngine.java:54)
	at org.junit.platform.launcher.core.EngineExecutionOrchestrator.execute(EngineExecutionOrchestrator.java:198)
	at org.junit.platform.launcher.core.EngineExecutionOrchestrator.execute(EngineExecutionOrchestrator.java:169)
	at org.junit.platform.launcher.core.EngineExecutionOrchestrator.execute(EngineExecutionOrchestrator.java:93)
	at org.junit.platform.launcher.core.EngineExecutionOrchestrator.lambda$execute$0(EngineExecutionOrchestrator.java:58)
	at org.junit.platform.launcher.core.EngineExecutionOrchestrator.withInterceptedStreams(EngineExecutionOrchestrator.java:141)
	at org.junit.platform.launcher.core.EngineExecutionOrchestrator.execute(EngineExecutionOrchestrator.java:57)
	at org.junit.platform.launcher.core.DefaultLauncher.execute(DefaultLauncher.java:103)
	at org.junit.platform.launcher.core.DefaultLauncher.execute(DefaultLauncher.java:85)
	at org.junit.platform.launcher.core.DelegatingLauncher.execute(DelegatingLauncher.java:47)
	at org.gradle.api.internal.tasks.testing.junitplatform.JUnitPlatformTestClassProcessor$CollectAllTestClassesExecutor.processAllTestClasses(JUnitPlatformTestClassProcessor.java:124)
	at org.gradle.api.internal.tasks.testing.junitplatform.JUnitPlatformTestClassProcessor$CollectAllTestClassesExecutor.access$000(JUnitPlatformTestClassProcessor.java:99)
	at org.gradle.api.internal.tasks.testing.junitplatform.JUnitPlatformTestClassProcessor.stop(JUnitPlatformTestClassProcessor.java:94)
	at org.gradle.api.internal.tasks.testing.SuiteTestClassProcessor.stop(SuiteTestClassProcessor.java:63)
	at java.base/jdk.internal.reflect.NativeMethodAccessorImpl.invoke0(Native Method)
	at java.base/jdk.internal.reflect.NativeMethodAccessorImpl.invoke(NativeMethodAccessorImpl.java:77)
	at java.base/jdk.internal.reflect.DelegatingMethodAccessorImpl.invoke(DelegatingMethodAccessorImpl.java:43)
	at java.base/java.lang.reflect.Method.invoke(Method.java:569)
	at org.gradle.internal.dispatch.ReflectionDispatch.dispatch(ReflectionDispatch.java:36)
	at org.gradle.internal.dispatch.ReflectionDispatch.dispatch(ReflectionDispatch.java:24)
	at org.gradle.internal.dispatch.ContextClassLoaderDispatch.dispatch(ContextClassLoaderDispatch.java:33)
	at org.gradle.internal.dispatch.ProxyDispatchAdapter$DispatchingInvocationHandler.invoke(ProxyDispatchAdapter.java:92)
	at jdk.proxy1/jdk.proxy1.$Proxy4.stop(Unknown Source)
	at org.gradle.api.internal.tasks.testing.worker.TestWorker$3.run(TestWorker.java:200)
	at org.gradle.api.internal.tasks.testing.worker.TestWorker.executeAndMaintainThreadName(TestWorker.java:132)
	at org.gradle.api.internal.tasks.testing.worker.TestWorker.execute(TestWorker.java:103)
	at org.gradle.api.internal.tasks.testing.worker.TestWorker.execute(TestWorker.java:63)
	at org.gradle.process.internal.worker.child.ActionExecutionWorker.execute(ActionExecutionWorker.java:56)
	at org.gradle.process.internal.worker.child.SystemApplicationClassLoaderWorker.call(SystemApplicationClassLoaderWorker.java:121)
	at org.gradle.process.internal.worker.child.SystemApplicationClassLoaderWorker.call(SystemApplicationClassLoaderWorker.java:71)
	at worker.org.gradle.process.internal.worker.GradleWorkerMain.run(GradleWorkerMain.java:69)
	at worker.org.gradle.process.internal.worker.GradleWorkerMain.main(GradleWorkerMain.java:74)
[2024-12-30 11:05:27 INFO SpringApplicationShutdownHook] [com.zaxxer.hikari.HikariDataSource] HikariPool-1 - Shutdown initiated...
[2024-12-30 11:05:27 INFO SpringApplicationShutdownHook] [com.zaxxer.hikari.HikariDataSource] HikariPool-1 - Shutdown completed.
[2024-12-30 11:06:09 INFO background-preinit] [org.hibernate.validator.internal.util.Version] HV000001: Hibernate Validator 8.0.1.Final
[2024-12-30 11:06:09 INFO Test worker] [com.green.greengramver.feed.like.FeedLikeMapperTest] Starting FeedLikeMapperTest using Java 17.0.12 with PID 11080 (started by Administrator in D:\SGSG\GreenGramTdd)
[2024-12-30 11:06:09 INFO Test worker] [com.green.greengramver.feed.like.FeedLikeMapperTest] The following 1 profile is active: "test"
[2024-12-30 11:06:10 INFO Test worker] [com.green.greengramver.feed.like.FeedLikeMapperTest] Started FeedLikeMapperTest in 0.92 seconds (process running for 1.717)
[2024-12-30 11:06:10 INFO Test worker] [com.zaxxer.hikari.HikariDataSource] HikariPool-1 - Starting...
[2024-12-30 11:06:10 INFO Test worker] [com.zaxxer.hikari.pool.HikariPool] HikariPool-1 - Added connection net.sf.log4jdbc.sql.jdbcapi.ConnectionSpy@61359e87
[2024-12-30 11:06:10 INFO Test worker] [com.zaxxer.hikari.HikariDataSource] HikariPool-1 - Start completed.
[2024-12-30 11:06:10 DEBUGTest worker] [jdbc.sqltiming]  com.zaxxer.hikari.pool.ProxyPreparedStatement.execute(ProxyPreparedStatement.java:44)
1. SELECT * FROM feed_like
 {executed in 0 msec}
[2024-12-30 11:06:10 INFO Test worker] [jdbc.resultsettable] 
|--------|--------|--------------------|
|feed_id |user_id |created_at          |
|--------|--------|--------------------|
|1       |2       |2024-11-01 10:10:01 |
|2       |1       |2024-11-01 10:10:02 |
|3       |2       |2024-11-01 10:10:03 |
|--------|--------|--------------------|

[2024-12-30 11:06:10 DEBUGTest worker] [jdbc.sqltiming]  com.zaxxer.hikari.pool.ProxyPreparedStatement.execute(ProxyPreparedStatement.java:44)
1. SELECT * FROM feed_like WHERE feed_id = 5 AND user_id = 2
 {executed in 0 msec}
[2024-12-30 11:06:10 INFO Test worker] [jdbc.resultsettable] 
|--------|--------|-----------|
|feed_id |user_id |created_at |
|--------|--------|-----------|
|--------|--------|-----------|

[2024-12-30 11:06:10 DEBUGTest worker] [jdbc.sqltiming]  com.zaxxer.hikari.pool.ProxyPreparedStatement.execute(ProxyPreparedStatement.java:44)
1. INSERT INTO feed_like
        SET feed_id = 5
          , user_id = 2
 {executed in 16 msec}
[2024-12-30 11:06:10 DEBUGTest worker] [jdbc.sqltiming]  com.zaxxer.hikari.pool.ProxyPreparedStatement.execute(ProxyPreparedStatement.java:44)
1. SELECT * FROM feed_like WHERE feed_id = 5 AND user_id = 2
 {executed in 0 msec}
[2024-12-30 11:06:10 INFO Test worker] [jdbc.resultsettable] 
|--------|--------|--------------------|
|feed_id |user_id |created_at          |
|--------|--------|--------------------|
|5       |2       |2024-12-30 11:06:10 |
|--------|--------|--------------------|

[2024-12-30 11:06:10 DEBUGTest worker] [jdbc.sqltiming]  com.zaxxer.hikari.pool.ProxyPreparedStatement.execute(ProxyPreparedStatement.java:44)
1. SELECT * FROM feed_like
 {executed in 0 msec}
[2024-12-30 11:06:10 INFO Test worker] [jdbc.resultsettable] 
|--------|--------|--------------------|
|feed_id |user_id |created_at          |
|--------|--------|--------------------|
|1       |2       |2024-11-01 10:10:01 |
|2       |1       |2024-11-01 10:10:02 |
|3       |2       |2024-11-01 10:10:03 |
|5       |2       |2024-12-30 11:06:10 |
|--------|--------|--------------------|

[2024-12-30 11:06:11 INFO SpringApplicationShutdownHook] [com.zaxxer.hikari.HikariDataSource] HikariPool-1 - Shutdown initiated...
[2024-12-30 11:06:11 INFO SpringApplicationShutdownHook] [com.zaxxer.hikari.HikariDataSource] HikariPool-1 - Shutdown completed.
[2024-12-30 11:07:20 INFO background-preinit] [org.hibernate.validator.internal.util.Version] HV000001: Hibernate Validator 8.0.1.Final
[2024-12-30 11:07:20 INFO Test worker] [com.green.greengramver.feed.like.FeedLikeMapperTest] Starting FeedLikeMapperTest using Java 17.0.12 with PID 10728 (started by Administrator in D:\SGSG\GreenGramTdd)
[2024-12-30 11:07:20 INFO Test worker] [com.green.greengramver.feed.like.FeedLikeMapperTest] The following 1 profile is active: "test"
[2024-12-30 11:07:21 INFO Test worker] [com.green.greengramver.feed.like.FeedLikeMapperTest] Started FeedLikeMapperTest in 0.893 seconds (process running for 1.697)
[2024-12-30 11:07:21 INFO Test worker] [com.zaxxer.hikari.HikariDataSource] HikariPool-1 - Starting...
[2024-12-30 11:07:21 INFO Test worker] [com.zaxxer.hikari.pool.HikariPool] HikariPool-1 - Added connection net.sf.log4jdbc.sql.jdbcapi.ConnectionSpy@538a2f0e
[2024-12-30 11:07:21 INFO Test worker] [com.zaxxer.hikari.HikariDataSource] HikariPool-1 - Start completed.
[2024-12-30 11:07:22 DEBUGTest worker] [jdbc.sqltiming]  com.zaxxer.hikari.pool.ProxyPreparedStatement.execute(ProxyPreparedStatement.java:44)
1. SELECT * FROM feed_like
 {executed in 0 msec}
[2024-12-30 11:07:22 INFO Test worker] [jdbc.resultsettable] 
|--------|--------|--------------------|
|feed_id |user_id |created_at          |
|--------|--------|--------------------|
|1       |2       |2024-11-01 10:10:01 |
|2       |1       |2024-11-01 10:10:02 |
|3       |2       |2024-11-01 10:10:03 |
|--------|--------|--------------------|

[2024-12-30 11:07:22 DEBUGTest worker] [jdbc.sqltiming]  com.zaxxer.hikari.pool.ProxyPreparedStatement.execute(ProxyPreparedStatement.java:44)
1. SELECT * FROM feed_like WHERE feed_id = 5 AND user_id = 2
 {executed in 0 msec}
[2024-12-30 11:07:22 INFO Test worker] [jdbc.resultsettable] 
|--------|--------|-----------|
|feed_id |user_id |created_at |
|--------|--------|-----------|
|--------|--------|-----------|

[2024-12-30 11:07:22 DEBUGTest worker] [jdbc.sqltiming]  com.zaxxer.hikari.pool.ProxyPreparedStatement.execute(ProxyPreparedStatement.java:44)
1. INSERT INTO feed_like
        SET feed_id = 5
          , user_id = 2
 {executed in 0 msec}
[2024-12-30 11:07:22 DEBUGTest worker] [jdbc.sqltiming]  com.zaxxer.hikari.pool.ProxyPreparedStatement.execute(ProxyPreparedStatement.java:44)
1. SELECT * FROM feed_like WHERE feed_id = 5 AND user_id = 2
 {executed in 0 msec}
[2024-12-30 11:07:22 INFO Test worker] [jdbc.resultsettable] 
|--------|--------|--------------------|
|feed_id |user_id |created_at          |
|--------|--------|--------------------|
|5       |2       |2024-12-30 11:07:22 |
|--------|--------|--------------------|

[2024-12-30 11:07:22 DEBUGTest worker] [jdbc.sqltiming]  com.zaxxer.hikari.pool.ProxyPreparedStatement.execute(ProxyPreparedStatement.java:44)
1. SELECT * FROM feed_like
 {executed in 0 msec}
[2024-12-30 11:07:22 INFO Test worker] [jdbc.resultsettable] 
|--------|--------|--------------------|
|feed_id |user_id |created_at          |
|--------|--------|--------------------|
|1       |2       |2024-11-01 10:10:01 |
|2       |1       |2024-11-01 10:10:02 |
|3       |2       |2024-11-01 10:10:03 |
|5       |2       |2024-12-30 11:07:22 |
|--------|--------|--------------------|

[2024-12-30 11:07:22 INFO SpringApplicationShutdownHook] [com.zaxxer.hikari.HikariDataSource] HikariPool-1 - Shutdown initiated...
[2024-12-30 11:07:22 INFO SpringApplicationShutdownHook] [com.zaxxer.hikari.HikariDataSource] HikariPool-1 - Shutdown completed.
