[2024-12-17 10:50:17 INFO restartedMain] [com.green.greengramver.GreenGramVer3Application] Starting GreenGramVer3Application using Java 17.0.12 with PID 5888 (D:\SGSG\GreenGramSecurity\build\classes\java\main started by Administrator in D:\SGSG\GreenGramSecurity)
[2024-12-17 10:50:17 INFO restartedMain] [com.green.greengramver.GreenGramVer3Application] No active profile set, falling back to 1 default profile: "default"
[2024-12-17 10:50:17 INFO restartedMain] [org.springframework.boot.devtools.env.DevToolsPropertyDefaultsPostProcessor] Devtools property defaults active! Set 'spring.devtools.add-properties' to 'false' to disable
[2024-12-17 10:50:17 INFO restartedMain] [org.springframework.boot.devtools.env.DevToolsPropertyDefaultsPostProcessor] For additional web related logging consider setting the 'logging.level.web' property to 'DEBUG'
[2024-12-17 10:50:18 INFO restartedMain] [org.springframework.boot.web.embedded.tomcat.TomcatWebServer] Tomcat initialized with port 8080 (http)
[2024-12-17 10:50:18 INFO restartedMain] [org.apache.coyote.http11.Http11NioProtocol] Initializing ProtocolHandler ["http-nio-8080"]
[2024-12-17 10:50:18 INFO restartedMain] [org.apache.catalina.core.StandardService] Starting service [Tomcat]
[2024-12-17 10:50:18 INFO restartedMain] [org.apache.catalina.core.StandardEngine] Starting Servlet engine: [Apache Tomcat/10.1.33]
[2024-12-17 10:50:18 INFO restartedMain] [org.apache.catalina.core.ContainerBase.[Tomcat].[localhost].[/]] Initializing Spring embedded WebApplicationContext
[2024-12-17 10:50:18 INFO restartedMain] [org.springframework.boot.web.servlet.context.ServletWebServerApplicationContext] Root WebApplicationContext: initialization completed in 974 ms
[2024-12-17 10:50:18 INFO restartedMain] [com.green.greengramver.common.MyFileUtils] MyfileUtils - 생성자: D:/SGSG/download/green_gram_ver3
[2024-12-17 10:50:19 INFO restartedMain] [org.springframework.boot.autoconfigure.web.servlet.WelcomePageHandlerMapping] Adding welcome page: class path resource [static/index.html]
[2024-12-17 10:50:19 WARN restartedMain] [org.springframework.boot.autoconfigure.security.servlet.UserDetailsServiceAutoConfiguration] 

Using generated security password: 2aa3fe66-5fb8-4752-bf74-eb5a02789729

This generated password is for development use only. Your security configuration must be updated before running your application in production.

[2024-12-17 10:50:19 INFO restartedMain] [org.springframework.security.config.annotation.authentication.configuration.InitializeUserDetailsBeanManagerConfigurer$InitializeUserDetailsManagerConfigurer] Global AuthenticationManager configured with UserDetailsService bean with name inMemoryUserDetailsManager
[2024-12-17 10:50:19 INFO restartedMain] [org.springframework.boot.devtools.autoconfigure.OptionalLiveReloadServer] LiveReload server is running on port 35729
[2024-12-17 10:50:19 INFO restartedMain] [org.apache.coyote.http11.Http11NioProtocol] Starting ProtocolHandler ["http-nio-8080"]
[2024-12-17 10:50:19 INFO restartedMain] [org.springframework.boot.web.embedded.tomcat.TomcatWebServer] Tomcat started on port 8080 (http) with context path '/'
[2024-12-17 10:50:19 INFO restartedMain] [com.green.greengramver.GreenGramVer3Application] Started GreenGramVer3Application in 2.247 seconds (process running for 2.714)
[2024-12-17 10:50:42 INFO restartedMain] [com.green.greengramver.GreenGramVer3Application] Starting GreenGramVer3Application using Java 17.0.12 with PID 4292 (D:\SGSG\GreenGramSecurity\build\classes\java\main started by Administrator in D:\SGSG\GreenGramSecurity)
[2024-12-17 10:50:42 INFO restartedMain] [com.green.greengramver.GreenGramVer3Application] No active profile set, falling back to 1 default profile: "default"
[2024-12-17 10:50:42 INFO restartedMain] [org.springframework.boot.devtools.env.DevToolsPropertyDefaultsPostProcessor] Devtools property defaults active! Set 'spring.devtools.add-properties' to 'false' to disable
[2024-12-17 10:50:42 INFO restartedMain] [org.springframework.boot.devtools.env.DevToolsPropertyDefaultsPostProcessor] For additional web related logging consider setting the 'logging.level.web' property to 'DEBUG'
[2024-12-17 10:50:43 INFO restartedMain] [org.springframework.boot.web.embedded.tomcat.TomcatWebServer] Tomcat initialized with port 8080 (http)
[2024-12-17 10:50:43 INFO restartedMain] [org.apache.coyote.http11.Http11NioProtocol] Initializing ProtocolHandler ["http-nio-8080"]
[2024-12-17 10:50:43 INFO restartedMain] [org.apache.catalina.core.StandardService] Starting service [Tomcat]
[2024-12-17 10:50:43 INFO restartedMain] [org.apache.catalina.core.StandardEngine] Starting Servlet engine: [Apache Tomcat/10.1.33]
[2024-12-17 10:50:43 INFO restartedMain] [org.apache.catalina.core.ContainerBase.[Tomcat].[localhost].[/]] Initializing Spring embedded WebApplicationContext
[2024-12-17 10:50:43 INFO restartedMain] [org.springframework.boot.web.servlet.context.ServletWebServerApplicationContext] Root WebApplicationContext: initialization completed in 900 ms
[2024-12-17 10:50:43 INFO restartedMain] [com.green.greengramver.common.MyFileUtils] MyfileUtils - 생성자: D:/SGSG/download/green_gram_ver3
[2024-12-17 10:50:43 INFO restartedMain] [org.springframework.boot.autoconfigure.web.servlet.WelcomePageHandlerMapping] Adding welcome page: class path resource [static/index.html]
[2024-12-17 10:50:44 WARN restartedMain] [org.springframework.boot.autoconfigure.security.servlet.UserDetailsServiceAutoConfiguration] 

Using generated security password: 3cc14cae-0430-424e-82bc-d5dc8e76cbbf

This generated password is for development use only. Your security configuration must be updated before running your application in production.

[2024-12-17 10:50:44 INFO restartedMain] [org.springframework.security.config.annotation.authentication.configuration.InitializeUserDetailsBeanManagerConfigurer$InitializeUserDetailsManagerConfigurer] Global AuthenticationManager configured with UserDetailsService bean with name inMemoryUserDetailsManager
[2024-12-17 10:50:44 INFO restartedMain] [org.springframework.boot.devtools.autoconfigure.OptionalLiveReloadServer] LiveReload server is running on port 35729
[2024-12-17 10:50:44 INFO restartedMain] [org.apache.coyote.http11.Http11NioProtocol] Starting ProtocolHandler ["http-nio-8080"]
[2024-12-17 10:50:44 INFO restartedMain] [org.springframework.boot.web.embedded.tomcat.TomcatWebServer] Tomcat started on port 8080 (http) with context path '/'
[2024-12-17 10:50:44 INFO restartedMain] [com.green.greengramver.GreenGramVer3Application] Started GreenGramVer3Application in 1.957 seconds (process running for 2.665)
[2024-12-17 10:51:11 INFO restartedMain] [com.green.greengramver.GreenGramVer3Application] Starting GreenGramVer3Application using Java 17.0.12 with PID 10432 (D:\SGSG\GreenGramSecurity\build\classes\java\main started by Administrator in D:\SGSG\GreenGramSecurity)
[2024-12-17 10:51:11 INFO restartedMain] [com.green.greengramver.GreenGramVer3Application] No active profile set, falling back to 1 default profile: "default"
[2024-12-17 10:51:11 INFO restartedMain] [org.springframework.boot.devtools.env.DevToolsPropertyDefaultsPostProcessor] Devtools property defaults active! Set 'spring.devtools.add-properties' to 'false' to disable
[2024-12-17 10:51:11 INFO restartedMain] [org.springframework.boot.devtools.env.DevToolsPropertyDefaultsPostProcessor] For additional web related logging consider setting the 'logging.level.web' property to 'DEBUG'
[2024-12-17 10:51:11 INFO restartedMain] [org.springframework.boot.web.embedded.tomcat.TomcatWebServer] Tomcat initialized with port 8080 (http)
[2024-12-17 10:51:11 INFO restartedMain] [org.apache.coyote.http11.Http11NioProtocol] Initializing ProtocolHandler ["http-nio-8080"]
[2024-12-17 10:51:11 INFO restartedMain] [org.apache.catalina.core.StandardService] Starting service [Tomcat]
[2024-12-17 10:51:11 INFO restartedMain] [org.apache.catalina.core.StandardEngine] Starting Servlet engine: [Apache Tomcat/10.1.33]
[2024-12-17 10:51:11 INFO restartedMain] [org.apache.catalina.core.ContainerBase.[Tomcat].[localhost].[/]] Initializing Spring embedded WebApplicationContext
[2024-12-17 10:51:11 INFO restartedMain] [org.springframework.boot.web.servlet.context.ServletWebServerApplicationContext] Root WebApplicationContext: initialization completed in 899 ms
[2024-12-17 10:51:12 INFO restartedMain] [com.green.greengramver.common.MyFileUtils] MyfileUtils - 생성자: D:/SGSG/download/green_gram_ver3
[2024-12-17 10:53:08 INFO restartedMain] [org.springframework.boot.autoconfigure.web.servlet.WelcomePageHandlerMapping] Adding welcome page: class path resource [static/index.html]
[2024-12-17 10:53:08 WARN restartedMain] [org.springframework.boot.autoconfigure.security.servlet.UserDetailsServiceAutoConfiguration] 

Using generated security password: 5cde486c-ecc2-4337-9fab-c33435dc0679

This generated password is for development use only. Your security configuration must be updated before running your application in production.

[2024-12-17 10:53:08 INFO restartedMain] [org.springframework.security.config.annotation.authentication.configuration.InitializeUserDetailsBeanManagerConfigurer$InitializeUserDetailsManagerConfigurer] Global AuthenticationManager configured with UserDetailsService bean with name inMemoryUserDetailsManager
[2024-12-17 10:53:08 INFO restartedMain] [org.springframework.boot.devtools.autoconfigure.OptionalLiveReloadServer] LiveReload server is running on port 35729
[2024-12-17 10:53:08 INFO restartedMain] [org.springframework.boot.web.embedded.tomcat.TomcatWebServer] Tomcat started on port 8080 (http) with context path '/'
[2024-12-17 10:53:08 INFO restartedMain] [com.green.greengramver.GreenGramVer3Application] Started GreenGramVer3Application in 117.983 seconds (process running for 118.415)
[2024-12-17 10:53:10 INFO restartedMain] [com.green.greengramver.GreenGramVer3Application] Starting GreenGramVer3Application using Java 17.0.12 with PID 10720 (D:\SGSG\GreenGramSecurity\build\classes\java\main started by Administrator in D:\SGSG\GreenGramSecurity)
[2024-12-17 10:53:10 INFO restartedMain] [com.green.greengramver.GreenGramVer3Application] No active profile set, falling back to 1 default profile: "default"
[2024-12-17 10:53:10 INFO restartedMain] [org.springframework.boot.devtools.env.DevToolsPropertyDefaultsPostProcessor] Devtools property defaults active! Set 'spring.devtools.add-properties' to 'false' to disable
[2024-12-17 10:53:10 INFO restartedMain] [org.springframework.boot.devtools.env.DevToolsPropertyDefaultsPostProcessor] For additional web related logging consider setting the 'logging.level.web' property to 'DEBUG'
[2024-12-17 10:53:11 INFO restartedMain] [org.springframework.boot.web.embedded.tomcat.TomcatWebServer] Tomcat initialized with port 8080 (http)
[2024-12-17 10:53:11 INFO restartedMain] [org.apache.coyote.http11.Http11NioProtocol] Initializing ProtocolHandler ["http-nio-8080"]
[2024-12-17 10:53:11 INFO restartedMain] [org.apache.catalina.core.StandardService] Starting service [Tomcat]
[2024-12-17 10:53:11 INFO restartedMain] [org.apache.catalina.core.StandardEngine] Starting Servlet engine: [Apache Tomcat/10.1.33]
[2024-12-17 10:53:11 INFO restartedMain] [org.apache.catalina.core.ContainerBase.[Tomcat].[localhost].[/]] Initializing Spring embedded WebApplicationContext
[2024-12-17 10:53:11 INFO restartedMain] [org.springframework.boot.web.servlet.context.ServletWebServerApplicationContext] Root WebApplicationContext: initialization completed in 920 ms
[2024-12-17 10:53:11 INFO restartedMain] [com.green.greengramver.common.MyFileUtils] MyfileUtils - 생성자: D:/SGSG/download/green_gram_ver3
[2024-12-17 11:01:58 INFO restartedMain] [org.springframework.boot.autoconfigure.web.servlet.WelcomePageHandlerMapping] Adding welcome page: class path resource [static/index.html]
[2024-12-17 11:01:58 WARN restartedMain] [org.springframework.boot.autoconfigure.security.servlet.UserDetailsServiceAutoConfiguration] 

Using generated security password: fe2173b6-8730-4d80-a12d-d925d7d3ed71

This generated password is for development use only. Your security configuration must be updated before running your application in production.

[2024-12-17 11:01:58 INFO restartedMain] [org.springframework.security.config.annotation.authentication.configuration.InitializeUserDetailsBeanManagerConfigurer$InitializeUserDetailsManagerConfigurer] Global AuthenticationManager configured with UserDetailsService bean with name inMemoryUserDetailsManager
[2024-12-17 11:01:58 INFO restartedMain] [org.springframework.boot.devtools.autoconfigure.OptionalLiveReloadServer] LiveReload server is running on port 35729
[2024-12-17 11:01:58 INFO restartedMain] [org.springframework.boot.web.embedded.tomcat.TomcatWebServer] Tomcat started on port 8080 (http) with context path '/'
[2024-12-17 11:01:58 INFO restartedMain] [com.green.greengramver.GreenGramVer3Application] Started GreenGramVer3Application in 528.148 seconds (process running for 528.597)
[2024-12-17 11:10:29 INFO Test worker] [com.green.greengramver.config.jwt.TokenProviderTest] Starting TokenProviderTest using Java 17.0.12 with PID 4376 (started by Administrator in D:\SGSG\GreenGramSecurity)
[2024-12-17 11:10:29 INFO Test worker] [com.green.greengramver.config.jwt.TokenProviderTest] No active profile set, falling back to 1 default profile: "default"
[2024-12-17 11:10:30 INFO Test worker] [com.green.greengramver.common.MyFileUtils] MyfileUtils - 생성자: D:/SGSG/download/green_gram_ver3
[2024-12-17 11:10:30 INFO Test worker] [org.springframework.boot.autoconfigure.web.servlet.WelcomePageHandlerMapping] Adding welcome page: class path resource [static/index.html]
[2024-12-17 11:10:31 WARN Test worker] [org.springframework.boot.autoconfigure.security.servlet.UserDetailsServiceAutoConfiguration] 

Using generated security password: 500322e5-97c9-4566-a846-e9a118214882

This generated password is for development use only. Your security configuration must be updated before running your application in production.

[2024-12-17 11:10:31 INFO Test worker] [org.springframework.security.config.annotation.authentication.configuration.InitializeUserDetailsBeanManagerConfigurer$InitializeUserDetailsManagerConfigurer] Global AuthenticationManager configured with UserDetailsService bean with name inMemoryUserDetailsManager
[2024-12-17 11:10:31 INFO Test worker] [com.green.greengramver.config.jwt.TokenProviderTest] Started TokenProviderTest in 1.805 seconds (process running for 2.608)
[2024-12-17 11:20:05 INFO Test worker] [com.green.greengramver.config.jwt.TokenProviderTest] Starting TokenProviderTest using Java 17.0.12 with PID 1824 (started by Administrator in D:\SGSG\GreenGramSecurity)
[2024-12-17 11:20:05 INFO Test worker] [com.green.greengramver.config.jwt.TokenProviderTest] No active profile set, falling back to 1 default profile: "default"
[2024-12-17 11:20:05 INFO Test worker] [com.green.greengramver.common.MyFileUtils] MyfileUtils - 생성자: D:/SGSG/download/green_gram_ver3
[2024-12-17 11:20:06 INFO Test worker] [org.springframework.boot.autoconfigure.web.servlet.WelcomePageHandlerMapping] Adding welcome page: class path resource [static/index.html]
[2024-12-17 11:20:06 WARN Test worker] [org.springframework.boot.autoconfigure.security.servlet.UserDetailsServiceAutoConfiguration] 

Using generated security password: 229c41c5-28fd-4c47-adcd-d8628601d1a5

This generated password is for development use only. Your security configuration must be updated before running your application in production.

[2024-12-17 11:20:06 INFO Test worker] [org.springframework.security.config.annotation.authentication.configuration.InitializeUserDetailsBeanManagerConfigurer$InitializeUserDetailsManagerConfigurer] Global AuthenticationManager configured with UserDetailsService bean with name inMemoryUserDetailsManager
[2024-12-17 11:20:06 INFO Test worker] [com.green.greengramver.config.jwt.TokenProviderTest] Started TokenProviderTest in 1.795 seconds (process running for 2.583)
[2024-12-17 11:31:38 INFO Test worker] [com.green.greengramver.config.jwt.TokenProviderTest] Starting TokenProviderTest using Java 17.0.12 with PID 5748 (started by Administrator in D:\SGSG\GreenGramSecurity)
[2024-12-17 11:31:38 INFO Test worker] [com.green.greengramver.config.jwt.TokenProviderTest] No active profile set, falling back to 1 default profile: "default"
[2024-12-17 11:31:39 INFO Test worker] [com.green.greengramver.common.MyFileUtils] MyfileUtils - 생성자: D:/SGSG/download/green_gram_ver3
[2024-12-17 11:31:40 INFO Test worker] [org.springframework.boot.autoconfigure.web.servlet.WelcomePageHandlerMapping] Adding welcome page: class path resource [static/index.html]
[2024-12-17 11:31:40 WARN Test worker] [org.springframework.boot.autoconfigure.security.servlet.UserDetailsServiceAutoConfiguration] 

Using generated security password: 576d8214-4f04-4d3a-bb3f-02d17ab89507

This generated password is for development use only. Your security configuration must be updated before running your application in production.

[2024-12-17 11:31:40 INFO Test worker] [org.springframework.security.config.annotation.authentication.configuration.InitializeUserDetailsBeanManagerConfigurer$InitializeUserDetailsManagerConfigurer] Global AuthenticationManager configured with UserDetailsService bean with name inMemoryUserDetailsManager
[2024-12-17 11:31:40 INFO Test worker] [com.green.greengramver.config.jwt.TokenProviderTest] Started TokenProviderTest in 1.828 seconds (process running for 2.61)
[2024-12-17 11:32:18 INFO Test worker] [com.green.greengramver.config.jwt.TokenProviderTest] Starting TokenProviderTest using Java 17.0.12 with PID 5352 (started by Administrator in D:\SGSG\GreenGramSecurity)
[2024-12-17 11:32:18 INFO Test worker] [com.green.greengramver.config.jwt.TokenProviderTest] No active profile set, falling back to 1 default profile: "default"
[2024-12-17 11:32:19 INFO Test worker] [com.green.greengramver.common.MyFileUtils] MyfileUtils - 생성자: D:/SGSG/download/green_gram_ver3
[2024-12-17 11:32:19 INFO Test worker] [org.springframework.boot.autoconfigure.web.servlet.WelcomePageHandlerMapping] Adding welcome page: class path resource [static/index.html]
[2024-12-17 11:32:20 WARN Test worker] [org.springframework.boot.autoconfigure.security.servlet.UserDetailsServiceAutoConfiguration] 

Using generated security password: ee58aa1a-c37d-4cf7-85b4-3c77ca091843

This generated password is for development use only. Your security configuration must be updated before running your application in production.

[2024-12-17 11:32:20 INFO Test worker] [org.springframework.security.config.annotation.authentication.configuration.InitializeUserDetailsBeanManagerConfigurer$InitializeUserDetailsManagerConfigurer] Global AuthenticationManager configured with UserDetailsService bean with name inMemoryUserDetailsManager
[2024-12-17 11:32:20 INFO Test worker] [com.green.greengramver.config.jwt.TokenProviderTest] Started TokenProviderTest in 1.775 seconds (process running for 2.563)
[2024-12-17 11:36:17 INFO Test worker] [com.green.greengramver.config.jwt.TokenProviderTest] Starting TokenProviderTest using Java 17.0.12 with PID 11628 (started by Administrator in D:\SGSG\GreenGramSecurity)
[2024-12-17 11:36:17 INFO Test worker] [com.green.greengramver.config.jwt.TokenProviderTest] No active profile set, falling back to 1 default profile: "default"
[2024-12-17 11:36:18 INFO Test worker] [com.green.greengramver.common.MyFileUtils] MyfileUtils - 생성자: D:/SGSG/download/green_gram_ver3
[2024-12-17 11:36:19 INFO Test worker] [org.springframework.boot.autoconfigure.web.servlet.WelcomePageHandlerMapping] Adding welcome page: class path resource [static/index.html]
[2024-12-17 11:36:19 WARN Test worker] [org.springframework.boot.autoconfigure.security.servlet.UserDetailsServiceAutoConfiguration] 

Using generated security password: fa220f5f-97e7-4bf0-b57a-b502ace70dc7

This generated password is for development use only. Your security configuration must be updated before running your application in production.

[2024-12-17 11:36:19 INFO Test worker] [org.springframework.security.config.annotation.authentication.configuration.InitializeUserDetailsBeanManagerConfigurer$InitializeUserDetailsManagerConfigurer] Global AuthenticationManager configured with UserDetailsService bean with name inMemoryUserDetailsManager
[2024-12-17 11:36:19 INFO Test worker] [com.green.greengramver.config.jwt.TokenProviderTest] Started TokenProviderTest in 1.808 seconds (process running for 2.615)
[2024-12-17 11:38:29 INFO Test worker] [com.green.greengramver.config.jwt.TokenProviderTest] Starting TokenProviderTest using Java 17.0.12 with PID 9520 (started by Administrator in D:\SGSG\GreenGramSecurity)
[2024-12-17 11:38:29 INFO Test worker] [com.green.greengramver.config.jwt.TokenProviderTest] No active profile set, falling back to 1 default profile: "default"
[2024-12-17 11:38:30 INFO Test worker] [com.green.greengramver.common.MyFileUtils] MyfileUtils - 생성자: D:/SGSG/download/green_gram_ver3
[2024-12-17 11:38:31 INFO Test worker] [org.springframework.boot.autoconfigure.web.servlet.WelcomePageHandlerMapping] Adding welcome page: class path resource [static/index.html]
[2024-12-17 11:38:31 WARN Test worker] [org.springframework.boot.autoconfigure.security.servlet.UserDetailsServiceAutoConfiguration] 

Using generated security password: 9a3e7213-a337-4d8e-a89c-9813ee67ce18

This generated password is for development use only. Your security configuration must be updated before running your application in production.

[2024-12-17 11:38:31 INFO Test worker] [org.springframework.security.config.annotation.authentication.configuration.InitializeUserDetailsBeanManagerConfigurer$InitializeUserDetailsManagerConfigurer] Global AuthenticationManager configured with UserDetailsService bean with name inMemoryUserDetailsManager
[2024-12-17 11:38:31 INFO Test worker] [com.green.greengramver.config.jwt.TokenProviderTest] Started TokenProviderTest in 1.958 seconds (process running for 2.84)
[2024-12-17 11:57:10 INFO Test worker] [com.green.greengramver.config.jwt.TokenProviderTest] Starting TokenProviderTest using Java 17.0.12 with PID 32 (started by Administrator in D:\SGSG\GreenGramSecurity)
[2024-12-17 11:57:10 INFO Test worker] [com.green.greengramver.config.jwt.TokenProviderTest] No active profile set, falling back to 1 default profile: "default"
[2024-12-17 11:57:11 INFO Test worker] [com.green.greengramver.common.MyFileUtils] MyfileUtils - 생성자: D:/SGSG/download/green_gram_ver3
[2024-12-17 11:57:11 INFO Test worker] [org.springframework.boot.autoconfigure.web.servlet.WelcomePageHandlerMapping] Adding welcome page: class path resource [static/index.html]
[2024-12-17 11:57:11 WARN Test worker] [org.springframework.boot.autoconfigure.security.servlet.UserDetailsServiceAutoConfiguration] 

Using generated security password: 2dc5313a-bc4a-4fc9-9c53-a8897fa46141

This generated password is for development use only. Your security configuration must be updated before running your application in production.

[2024-12-17 11:57:11 INFO Test worker] [org.springframework.security.config.annotation.authentication.configuration.InitializeUserDetailsBeanManagerConfigurer$InitializeUserDetailsManagerConfigurer] Global AuthenticationManager configured with UserDetailsService bean with name inMemoryUserDetailsManager
[2024-12-17 11:57:11 INFO Test worker] [com.green.greengramver.config.jwt.TokenProviderTest] Started TokenProviderTest in 1.836 seconds (process running for 2.644)
[2024-12-17 11:57:15 INFO Test worker] [com.green.greengramver.config.jwt.TokenProviderTest] Starting TokenProviderTest using Java 17.0.12 with PID 6288 (started by Administrator in D:\SGSG\GreenGramSecurity)
[2024-12-17 11:57:15 INFO Test worker] [com.green.greengramver.config.jwt.TokenProviderTest] No active profile set, falling back to 1 default profile: "default"
[2024-12-17 11:57:16 INFO Test worker] [com.green.greengramver.common.MyFileUtils] MyfileUtils - 생성자: D:/SGSG/download/green_gram_ver3
[2024-12-17 11:57:16 INFO Test worker] [org.springframework.boot.autoconfigure.web.servlet.WelcomePageHandlerMapping] Adding welcome page: class path resource [static/index.html]
[2024-12-17 11:57:16 WARN Test worker] [org.springframework.boot.autoconfigure.security.servlet.UserDetailsServiceAutoConfiguration] 

Using generated security password: eb8900b5-5ed9-49f7-bb71-288d33904b1d

This generated password is for development use only. Your security configuration must be updated before running your application in production.

[2024-12-17 11:57:16 INFO Test worker] [org.springframework.security.config.annotation.authentication.configuration.InitializeUserDetailsBeanManagerConfigurer$InitializeUserDetailsManagerConfigurer] Global AuthenticationManager configured with UserDetailsService bean with name inMemoryUserDetailsManager
[2024-12-17 11:57:16 INFO Test worker] [com.green.greengramver.config.jwt.TokenProviderTest] Started TokenProviderTest in 1.982 seconds (process running for 2.872)
[2024-12-17 11:57:34 INFO Test worker] [com.green.greengramver.config.jwt.TokenProviderTest] Starting TokenProviderTest using Java 17.0.12 with PID 4128 (started by Administrator in D:\SGSG\GreenGramSecurity)
[2024-12-17 11:57:34 INFO Test worker] [com.green.greengramver.config.jwt.TokenProviderTest] No active profile set, falling back to 1 default profile: "default"
[2024-12-17 11:57:35 INFO Test worker] [com.green.greengramver.common.MyFileUtils] MyfileUtils - 생성자: D:/SGSG/download/green_gram_ver3
[2024-12-17 11:57:35 INFO Test worker] [org.springframework.boot.autoconfigure.web.servlet.WelcomePageHandlerMapping] Adding welcome page: class path resource [static/index.html]
[2024-12-17 11:57:35 WARN Test worker] [org.springframework.boot.autoconfigure.security.servlet.UserDetailsServiceAutoConfiguration] 

Using generated security password: 99cebc19-2658-4ead-92f8-024b10c16dc9

This generated password is for development use only. Your security configuration must be updated before running your application in production.

[2024-12-17 11:57:35 INFO Test worker] [org.springframework.security.config.annotation.authentication.configuration.InitializeUserDetailsBeanManagerConfigurer$InitializeUserDetailsManagerConfigurer] Global AuthenticationManager configured with UserDetailsService bean with name inMemoryUserDetailsManager
[2024-12-17 11:57:36 INFO Test worker] [com.green.greengramver.config.jwt.TokenProviderTest] Started TokenProviderTest in 1.973 seconds (process running for 2.845)
[2024-12-17 11:59:39 INFO Test worker] [com.green.greengramver.config.jwt.TokenProviderTest] Starting TokenProviderTest using Java 17.0.12 with PID 3484 (started by Administrator in D:\SGSG\GreenGramSecurity)
[2024-12-17 11:59:39 INFO Test worker] [com.green.greengramver.config.jwt.TokenProviderTest] No active profile set, falling back to 1 default profile: "default"
[2024-12-17 11:59:40 INFO Test worker] [com.green.greengramver.common.MyFileUtils] MyfileUtils - 생성자: D:/SGSG/download/green_gram_ver3
[2024-12-17 11:59:41 INFO Test worker] [org.springframework.boot.autoconfigure.web.servlet.WelcomePageHandlerMapping] Adding welcome page: class path resource [static/index.html]
[2024-12-17 11:59:41 WARN Test worker] [org.springframework.boot.autoconfigure.security.servlet.UserDetailsServiceAutoConfiguration] 

Using generated security password: 84a4b61c-3407-4763-987a-135756dd5702

This generated password is for development use only. Your security configuration must be updated before running your application in production.

[2024-12-17 11:59:41 INFO Test worker] [org.springframework.security.config.annotation.authentication.configuration.InitializeUserDetailsBeanManagerConfigurer$InitializeUserDetailsManagerConfigurer] Global AuthenticationManager configured with UserDetailsService bean with name inMemoryUserDetailsManager
[2024-12-17 11:59:41 INFO Test worker] [com.green.greengramver.config.jwt.TokenProviderTest] Started TokenProviderTest in 1.948 seconds (process running for 2.83)
[2024-12-17 12:04:24 INFO Test worker] [com.green.greengramver.config.jwt.TokenProviderTest] Starting TokenProviderTest using Java 17.0.12 with PID 5248 (started by Administrator in D:\SGSG\GreenGramSecurity)
[2024-12-17 12:04:24 INFO Test worker] [com.green.greengramver.config.jwt.TokenProviderTest] No active profile set, falling back to 1 default profile: "default"
[2024-12-17 12:04:25 INFO Test worker] [com.green.greengramver.common.MyFileUtils] MyfileUtils - 생성자: D:/SGSG/download/green_gram_ver3
[2024-12-17 12:04:25 INFO Test worker] [org.springframework.boot.autoconfigure.web.servlet.WelcomePageHandlerMapping] Adding welcome page: class path resource [static/index.html]
[2024-12-17 12:04:26 WARN Test worker] [org.springframework.boot.autoconfigure.security.servlet.UserDetailsServiceAutoConfiguration] 

Using generated security password: c416a78e-fa56-49c0-92e0-dd7a19f32dc8

This generated password is for development use only. Your security configuration must be updated before running your application in production.

[2024-12-17 12:04:26 INFO Test worker] [org.springframework.security.config.annotation.authentication.configuration.InitializeUserDetailsBeanManagerConfigurer$InitializeUserDetailsManagerConfigurer] Global AuthenticationManager configured with UserDetailsService bean with name inMemoryUserDetailsManager
[2024-12-17 12:04:26 INFO Test worker] [com.green.greengramver.config.jwt.TokenProviderTest] Started TokenProviderTest in 1.97 seconds (process running for 2.867)
[2024-12-17 13:03:37 INFO Test worker] [com.green.greengramver.config.jwt.TokenProviderTest] Starting TokenProviderTest using Java 17.0.12 with PID 8864 (started by Administrator in D:\SGSG\GreenGramSecurity)
[2024-12-17 13:03:37 INFO Test worker] [com.green.greengramver.config.jwt.TokenProviderTest] No active profile set, falling back to 1 default profile: "default"
[2024-12-17 13:03:38 INFO Test worker] [com.green.greengramver.common.MyFileUtils] MyfileUtils - 생성자: D:/SGSG/download/green_gram_ver3
[2024-12-17 13:03:39 WARN Test worker] [org.springframework.boot.autoconfigure.security.servlet.UserDetailsServiceAutoConfiguration] 

Using generated security password: aa715dee-72e4-42b3-ae55-8b6a84f98b50

This generated password is for development use only. Your security configuration must be updated before running your application in production.

[2024-12-17 13:03:39 INFO Test worker] [org.springframework.security.config.annotation.authentication.configuration.InitializeUserDetailsBeanManagerConfigurer$InitializeUserDetailsManagerConfigurer] Global AuthenticationManager configured with UserDetailsService bean with name inMemoryUserDetailsManager
[2024-12-17 13:03:39 INFO Test worker] [org.springframework.boot.autoconfigure.web.servlet.WelcomePageHandlerMapping] Adding welcome page: class path resource [static/index.html]
[2024-12-17 13:03:39 INFO Test worker] [com.green.greengramver.config.jwt.TokenProviderTest] Started TokenProviderTest in 1.802 seconds (process running for 2.581)
[2024-12-17 13:04:24 INFO restartedMain] [com.green.greengramver.GreenGramVer3Application] Starting GreenGramVer3Application using Java 17.0.12 with PID 10828 (D:\SGSG\GreenGramSecurity\build\classes\java\main started by Administrator in D:\SGSG\GreenGramSecurity)
[2024-12-17 13:04:24 INFO restartedMain] [com.green.greengramver.GreenGramVer3Application] No active profile set, falling back to 1 default profile: "default"
[2024-12-17 13:04:24 INFO restartedMain] [org.springframework.boot.devtools.env.DevToolsPropertyDefaultsPostProcessor] Devtools property defaults active! Set 'spring.devtools.add-properties' to 'false' to disable
[2024-12-17 13:04:24 INFO restartedMain] [org.springframework.boot.devtools.env.DevToolsPropertyDefaultsPostProcessor] For additional web related logging consider setting the 'logging.level.web' property to 'DEBUG'
[2024-12-17 13:04:24 INFO restartedMain] [org.springframework.boot.web.embedded.tomcat.TomcatWebServer] Tomcat initialized with port 8080 (http)
[2024-12-17 13:04:24 INFO restartedMain] [org.apache.coyote.http11.Http11NioProtocol] Initializing ProtocolHandler ["http-nio-8080"]
[2024-12-17 13:04:24 INFO restartedMain] [org.apache.catalina.core.StandardService] Starting service [Tomcat]
[2024-12-17 13:04:24 INFO restartedMain] [org.apache.catalina.core.StandardEngine] Starting Servlet engine: [Apache Tomcat/10.1.33]
[2024-12-17 13:04:24 INFO restartedMain] [org.apache.catalina.core.ContainerBase.[Tomcat].[localhost].[/]] Initializing Spring embedded WebApplicationContext
[2024-12-17 13:04:24 INFO restartedMain] [org.springframework.boot.web.servlet.context.ServletWebServerApplicationContext] Root WebApplicationContext: initialization completed in 878 ms
[2024-12-17 13:04:24 INFO restartedMain] [com.green.greengramver.common.MyFileUtils] MyfileUtils - 생성자: D:/SGSG/download/green_gram_ver3
[2024-12-17 13:04:25 WARN restartedMain] [org.springframework.boot.autoconfigure.security.servlet.UserDetailsServiceAutoConfiguration] 

Using generated security password: b5849968-de36-43e1-8602-a817986d97f1

This generated password is for development use only. Your security configuration must be updated before running your application in production.

[2024-12-17 13:04:25 INFO restartedMain] [org.springframework.security.config.annotation.authentication.configuration.InitializeUserDetailsBeanManagerConfigurer$InitializeUserDetailsManagerConfigurer] Global AuthenticationManager configured with UserDetailsService bean with name inMemoryUserDetailsManager
[2024-12-17 13:04:25 INFO restartedMain] [org.springframework.boot.autoconfigure.web.servlet.WelcomePageHandlerMapping] Adding welcome page: class path resource [static/index.html]
[2024-12-17 13:04:25 INFO restartedMain] [org.springframework.boot.devtools.autoconfigure.OptionalLiveReloadServer] LiveReload server is running on port 35729
[2024-12-17 13:04:25 INFO restartedMain] [org.apache.coyote.http11.Http11NioProtocol] Starting ProtocolHandler ["http-nio-8080"]
[2024-12-17 13:04:25 INFO restartedMain] [org.springframework.boot.web.embedded.tomcat.TomcatWebServer] Tomcat started on port 8080 (http) with context path '/'
[2024-12-17 13:04:25 INFO restartedMain] [com.green.greengramver.GreenGramVer3Application] Started GreenGramVer3Application in 2.124 seconds (process running for 2.455)
[2024-12-17 13:04:28 INFO http-nio-8080-exec-1] [org.apache.catalina.core.ContainerBase.[Tomcat].[localhost].[/]] Initializing Spring DispatcherServlet 'dispatcherServlet'
[2024-12-17 13:04:28 INFO http-nio-8080-exec-1] [org.springframework.web.servlet.DispatcherServlet] Initializing Servlet 'dispatcherServlet'
[2024-12-17 13:04:28 INFO http-nio-8080-exec-1] [org.springframework.web.servlet.DispatcherServlet] Completed initialization in 0 ms
[2024-12-17 13:04:34 INFO http-nio-8080-exec-7] [com.zaxxer.hikari.HikariDataSource] HikariPool-1 - Starting...
[2024-12-17 13:04:34 INFO http-nio-8080-exec-7] [com.zaxxer.hikari.pool.HikariPool] HikariPool-1 - Added connection net.sf.log4jdbc.sql.jdbcapi.ConnectionSpy@21846bb7
[2024-12-17 13:04:34 INFO http-nio-8080-exec-7] [com.zaxxer.hikari.HikariDataSource] HikariPool-1 - Start completed.
[2024-12-17 13:04:34 DEBUGhttp-nio-8080-exec-7] [jdbc.sqltiming]  com.zaxxer.hikari.pool.ProxyPreparedStatement.execute(ProxyPreparedStatement.java:44)
1. SELECT user_id AS userId
        , IFNULL(nick_name, uid) AS nickName
        , pic, upw
         FROM user
        WHERE uid = 'test'
 {executed in 4 msec}
[2024-12-17 13:04:34 INFO http-nio-8080-exec-7] [jdbc.resultsettable] 
|--------|---------|-----------------------------------------|-------------------------------------------------------------|
|user_id |nickname |pic                                      |upw                                                          |
|--------|---------|-----------------------------------------|-------------------------------------------------------------|
|12      |고길동      |0944c2dd-b1f1-465b-ae33-6ffc2bb73db1.png |$2a$10$U/746OTg9rqWqMItg5MZAe1UBBwQWPzI3p0ydhWCKD9i8NaD1rRia |
|--------|---------|-----------------------------------------|-------------------------------------------------------------|

[2024-12-17 13:05:32 INFO File Watcher] [org.springframework.boot.devtools.autoconfigure.LocalDevToolsAutoConfiguration$RestartingClassPathChangeChangedEventListener] Restarting due to 2 class path changes (0 additions, 0 deletions, 2 modifications)
[2024-12-17 13:05:32 INFO Thread-5] [org.apache.coyote.http11.Http11NioProtocol] Stopping ProtocolHandler ["http-nio-8080"]
[2024-12-17 13:05:32 INFO Thread-5] [com.zaxxer.hikari.HikariDataSource] HikariPool-1 - Shutdown initiated...
[2024-12-17 13:05:32 INFO Thread-5] [com.zaxxer.hikari.HikariDataSource] HikariPool-1 - Shutdown completed.
[2024-12-17 13:05:32 INFO restartedMain] [com.green.greengramver.GreenGramVer3Application] Starting GreenGramVer3Application using Java 17.0.12 with PID 10828 (D:\SGSG\GreenGramSecurity\build\classes\java\main started by Administrator in D:\SGSG\GreenGramSecurity)
[2024-12-17 13:05:32 INFO restartedMain] [com.green.greengramver.GreenGramVer3Application] No active profile set, falling back to 1 default profile: "default"
[2024-12-17 13:05:33 INFO restartedMain] [org.springframework.boot.web.embedded.tomcat.TomcatWebServer] Tomcat initialized with port 8080 (http)
[2024-12-17 13:05:33 INFO restartedMain] [org.apache.coyote.http11.Http11NioProtocol] Initializing ProtocolHandler ["http-nio-8080"]
[2024-12-17 13:05:33 INFO restartedMain] [org.apache.catalina.core.StandardService] Starting service [Tomcat]
[2024-12-17 13:05:33 INFO restartedMain] [org.apache.catalina.core.StandardEngine] Starting Servlet engine: [Apache Tomcat/10.1.33]
[2024-12-17 13:05:33 INFO restartedMain] [org.apache.catalina.core.ContainerBase.[Tomcat].[localhost].[/]] Initializing Spring embedded WebApplicationContext
[2024-12-17 13:05:33 INFO restartedMain] [org.springframework.boot.web.servlet.context.ServletWebServerApplicationContext] Root WebApplicationContext: initialization completed in 224 ms
[2024-12-17 13:05:33 INFO restartedMain] [com.green.greengramver.common.MyFileUtils] MyfileUtils - 생성자: D:/SGSG/download/green_gram_ver3
[2024-12-17 13:05:33 WARN restartedMain] [org.springframework.boot.autoconfigure.security.servlet.UserDetailsServiceAutoConfiguration] 

Using generated security password: cf673491-f1e2-4e87-8b01-04f79ba429fd

This generated password is for development use only. Your security configuration must be updated before running your application in production.

[2024-12-17 13:05:33 INFO restartedMain] [org.springframework.security.config.annotation.authentication.configuration.InitializeUserDetailsBeanManagerConfigurer$InitializeUserDetailsManagerConfigurer] Global AuthenticationManager configured with UserDetailsService bean with name inMemoryUserDetailsManager
[2024-12-17 13:05:33 INFO restartedMain] [org.springframework.boot.autoconfigure.web.servlet.WelcomePageHandlerMapping] Adding welcome page: class path resource [static/index.html]
[2024-12-17 13:05:33 INFO restartedMain] [org.springframework.boot.devtools.autoconfigure.OptionalLiveReloadServer] LiveReload server is running on port 35729
[2024-12-17 13:05:33 INFO restartedMain] [org.apache.coyote.http11.Http11NioProtocol] Starting ProtocolHandler ["http-nio-8080"]
[2024-12-17 13:05:33 INFO restartedMain] [org.springframework.boot.web.embedded.tomcat.TomcatWebServer] Tomcat started on port 8080 (http) with context path '/'
[2024-12-17 13:05:33 INFO restartedMain] [com.green.greengramver.GreenGramVer3Application] Started GreenGramVer3Application in 0.407 seconds (process running for 70.039)
[2024-12-17 13:05:33 INFO restartedMain] [org.springframework.boot.devtools.autoconfigure.ConditionEvaluationDeltaLoggingListener] Condition evaluation unchanged
[2024-12-17 13:05:34 INFO http-nio-8080-exec-1] [org.apache.catalina.core.ContainerBase.[Tomcat].[localhost].[/]] Initializing Spring DispatcherServlet 'dispatcherServlet'
[2024-12-17 13:05:34 INFO http-nio-8080-exec-1] [org.springframework.web.servlet.DispatcherServlet] Initializing Servlet 'dispatcherServlet'
[2024-12-17 13:05:34 INFO http-nio-8080-exec-1] [org.springframework.web.servlet.DispatcherServlet] Completed initialization in 0 ms
[2024-12-17 13:06:58 INFO http-nio-8080-exec-3] [org.springdoc.api.AbstractOpenApiResource] Init duration for springdoc-openapi is: 173 ms
[2024-12-17 13:10:11 INFO File Watcher] [org.springframework.boot.devtools.autoconfigure.LocalDevToolsAutoConfiguration$RestartingClassPathChangeChangedEventListener] Restarting due to 2 class path changes (0 additions, 0 deletions, 2 modifications)
[2024-12-17 13:10:11 INFO Thread-7] [org.apache.coyote.http11.Http11NioProtocol] Stopping ProtocolHandler ["http-nio-8080"]
[2024-12-17 13:10:11 INFO restartedMain] [com.green.greengramver.GreenGramVer3Application] Starting GreenGramVer3Application using Java 17.0.12 with PID 10828 (D:\SGSG\GreenGramSecurity\build\classes\java\main started by Administrator in D:\SGSG\GreenGramSecurity)
[2024-12-17 13:10:11 INFO restartedMain] [com.green.greengramver.GreenGramVer3Application] No active profile set, falling back to 1 default profile: "default"
[2024-12-17 13:10:11 INFO restartedMain] [org.springframework.boot.web.embedded.tomcat.TomcatWebServer] Tomcat initialized with port 8080 (http)
[2024-12-17 13:10:11 INFO restartedMain] [org.apache.coyote.http11.Http11NioProtocol] Initializing ProtocolHandler ["http-nio-8080"]
[2024-12-17 13:10:11 INFO restartedMain] [org.apache.catalina.core.StandardService] Starting service [Tomcat]
[2024-12-17 13:10:11 INFO restartedMain] [org.apache.catalina.core.StandardEngine] Starting Servlet engine: [Apache Tomcat/10.1.33]
[2024-12-17 13:10:11 INFO restartedMain] [org.apache.catalina.core.ContainerBase.[Tomcat].[localhost].[/]] Initializing Spring embedded WebApplicationContext
[2024-12-17 13:10:11 INFO restartedMain] [org.springframework.boot.web.servlet.context.ServletWebServerApplicationContext] Root WebApplicationContext: initialization completed in 210 ms
[2024-12-17 13:10:11 INFO restartedMain] [com.green.greengramver.common.MyFileUtils] MyfileUtils - 생성자: D:/SGSG/download/green_gram_ver3
[2024-12-17 13:10:11 WARN restartedMain] [org.springframework.boot.autoconfigure.security.servlet.UserDetailsServiceAutoConfiguration] 

Using generated security password: 4b48f3e5-36ae-4531-b400-6bb89904c326

This generated password is for development use only. Your security configuration must be updated before running your application in production.

[2024-12-17 13:10:11 INFO restartedMain] [org.springframework.security.config.annotation.authentication.configuration.InitializeUserDetailsBeanManagerConfigurer$InitializeUserDetailsManagerConfigurer] Global AuthenticationManager configured with UserDetailsService bean with name inMemoryUserDetailsManager
[2024-12-17 13:10:11 INFO restartedMain] [org.springframework.boot.autoconfigure.web.servlet.WelcomePageHandlerMapping] Adding welcome page: class path resource [static/index.html]
[2024-12-17 13:10:12 INFO restartedMain] [org.springframework.boot.devtools.autoconfigure.OptionalLiveReloadServer] LiveReload server is running on port 35729
[2024-12-17 13:10:12 INFO restartedMain] [org.apache.coyote.http11.Http11NioProtocol] Starting ProtocolHandler ["http-nio-8080"]
[2024-12-17 13:10:12 INFO restartedMain] [org.springframework.boot.web.embedded.tomcat.TomcatWebServer] Tomcat started on port 8080 (http) with context path '/'
[2024-12-17 13:10:12 INFO restartedMain] [com.green.greengramver.GreenGramVer3Application] Started GreenGramVer3Application in 0.418 seconds (process running for 348.809)
[2024-12-17 13:10:12 INFO restartedMain] [org.springframework.boot.devtools.autoconfigure.ConditionEvaluationDeltaLoggingListener] Condition evaluation unchanged
