[2024-12-16 10:17:12 INFO restartedMain] [com.green.greengramver.GreenGramVer3Application] Starting GreenGramVer3Application using Java 17.0.12 with PID 2812 (D:\SGSG\GreenGramSecurity\build\classes\java\main started by Administrator in D:\SGSG\GreenGramSecurity)
[2024-12-16 10:17:12 INFO restartedMain] [com.green.greengramver.GreenGramVer3Application] No active profile set, falling back to 1 default profile: "default"
[2024-12-16 10:17:12 INFO restartedMain] [org.springframework.boot.devtools.env.DevToolsPropertyDefaultsPostProcessor] Devtools property defaults active! Set 'spring.devtools.add-properties' to 'false' to disable
[2024-12-16 10:17:12 INFO restartedMain] [org.springframework.boot.devtools.env.DevToolsPropertyDefaultsPostProcessor] For additional web related logging consider setting the 'logging.level.web' property to 'DEBUG'
[2024-12-16 10:17:13 INFO restartedMain] [org.springframework.boot.web.embedded.tomcat.TomcatWebServer] Tomcat initialized with port 8080 (http)
[2024-12-16 10:17:13 INFO restartedMain] [org.apache.coyote.http11.Http11NioProtocol] Initializing ProtocolHandler ["http-nio-8080"]
[2024-12-16 10:17:13 INFO restartedMain] [org.apache.catalina.core.StandardService] Starting service [Tomcat]
[2024-12-16 10:17:13 INFO restartedMain] [org.apache.catalina.core.StandardEngine] Starting Servlet engine: [Apache Tomcat/10.1.33]
[2024-12-16 10:17:13 INFO restartedMain] [org.apache.catalina.core.ContainerBase.[Tomcat].[localhost].[/]] Initializing Spring embedded WebApplicationContext
[2024-12-16 10:17:13 INFO restartedMain] [org.springframework.boot.web.servlet.context.ServletWebServerApplicationContext] Root WebApplicationContext: initialization completed in 916 ms
[2024-12-16 10:17:13 INFO restartedMain] [com.green.greengramver.common.MyFileUtils] MyfileUtils - 생성자: D:/SGSG/download/green_gram_ver3
[2024-12-16 10:17:14 INFO restartedMain] [org.springframework.boot.autoconfigure.web.servlet.WelcomePageHandlerMapping] Adding welcome page: class path resource [static/index.html]
[2024-12-16 10:17:14 INFO restartedMain] [org.springframework.boot.devtools.autoconfigure.OptionalLiveReloadServer] LiveReload server is running on port 35729
[2024-12-16 10:17:14 INFO restartedMain] [org.apache.coyote.http11.Http11NioProtocol] Starting ProtocolHandler ["http-nio-8080"]
[2024-12-16 10:17:14 INFO restartedMain] [org.springframework.boot.web.embedded.tomcat.TomcatWebServer] Tomcat started on port 8080 (http) with context path '/'
[2024-12-16 10:17:14 INFO restartedMain] [com.green.greengramver.GreenGramVer3Application] Started GreenGramVer3Application in 1.965 seconds (process running for 2.414)
[2024-12-16 10:17:19 INFO http-nio-8080-exec-1] [org.apache.catalina.core.ContainerBase.[Tomcat].[localhost].[/]] Initializing Spring DispatcherServlet 'dispatcherServlet'
[2024-12-16 10:17:19 INFO http-nio-8080-exec-1] [org.springframework.web.servlet.DispatcherServlet] Initializing Servlet 'dispatcherServlet'
[2024-12-16 10:17:19 INFO http-nio-8080-exec-1] [org.springframework.web.servlet.DispatcherServlet] Completed initialization in 1 ms
[2024-12-16 10:59:10 INFO restartedMain] [com.green.greengramver.GreenGramVer3Application] Starting GreenGramVer3Application using Java 17.0.12 with PID 13344 (D:\SGSG\GreenGramSecurity\build\classes\java\main started by Administrator in D:\SGSG\GreenGramSecurity)
[2024-12-16 10:59:10 INFO restartedMain] [com.green.greengramver.GreenGramVer3Application] No active profile set, falling back to 1 default profile: "default"
[2024-12-16 10:59:10 INFO restartedMain] [org.springframework.boot.devtools.env.DevToolsPropertyDefaultsPostProcessor] Devtools property defaults active! Set 'spring.devtools.add-properties' to 'false' to disable
[2024-12-16 10:59:10 INFO restartedMain] [org.springframework.boot.devtools.env.DevToolsPropertyDefaultsPostProcessor] For additional web related logging consider setting the 'logging.level.web' property to 'DEBUG'
[2024-12-16 10:59:11 INFO restartedMain] [org.springframework.boot.web.embedded.tomcat.TomcatWebServer] Tomcat initialized with port 8080 (http)
[2024-12-16 10:59:11 INFO restartedMain] [org.apache.coyote.http11.Http11NioProtocol] Initializing ProtocolHandler ["http-nio-8080"]
[2024-12-16 10:59:11 INFO restartedMain] [org.apache.catalina.core.StandardService] Starting service [Tomcat]
[2024-12-16 10:59:11 INFO restartedMain] [org.apache.catalina.core.StandardEngine] Starting Servlet engine: [Apache Tomcat/10.1.33]
[2024-12-16 10:59:11 INFO restartedMain] [org.apache.catalina.core.ContainerBase.[Tomcat].[localhost].[/]] Initializing Spring embedded WebApplicationContext
[2024-12-16 10:59:11 INFO restartedMain] [org.springframework.boot.web.servlet.context.ServletWebServerApplicationContext] Root WebApplicationContext: initialization completed in 811 ms
[2024-12-16 10:59:11 INFO restartedMain] [com.green.greengramver.common.MyFileUtils] MyfileUtils - 생성자: D:/SGSG/download/green_gram_ver3
[2024-12-16 10:59:11 INFO restartedMain] [org.springframework.boot.autoconfigure.web.servlet.WelcomePageHandlerMapping] Adding welcome page: class path resource [static/index.html]
[2024-12-16 10:59:12 WARN restartedMain] [org.springframework.boot.autoconfigure.security.servlet.UserDetailsServiceAutoConfiguration] 

Using generated security password: da0b8349-2d2f-451a-8a5d-6d0374efa6d6

This generated password is for development use only. Your security configuration must be updated before running your application in production.

[2024-12-16 10:59:12 INFO restartedMain] [org.springframework.security.config.annotation.authentication.configuration.InitializeUserDetailsBeanManagerConfigurer$InitializeUserDetailsManagerConfigurer] Global AuthenticationManager configured with UserDetailsService bean with name inMemoryUserDetailsManager
[2024-12-16 10:59:12 INFO restartedMain] [org.springframework.boot.devtools.autoconfigure.OptionalLiveReloadServer] LiveReload server is running on port 35729
[2024-12-16 10:59:12 INFO restartedMain] [org.apache.coyote.http11.Http11NioProtocol] Starting ProtocolHandler ["http-nio-8080"]
[2024-12-16 10:59:12 INFO restartedMain] [org.springframework.boot.web.embedded.tomcat.TomcatWebServer] Tomcat started on port 8080 (http) with context path '/'
[2024-12-16 10:59:12 INFO restartedMain] [com.green.greengramver.GreenGramVer3Application] Started GreenGramVer3Application in 1.786 seconds (process running for 2.216)
[2024-12-16 10:59:17 INFO http-nio-8080-exec-1] [org.apache.catalina.core.ContainerBase.[Tomcat].[localhost].[/]] Initializing Spring DispatcherServlet 'dispatcherServlet'
[2024-12-16 10:59:17 INFO http-nio-8080-exec-1] [org.springframework.web.servlet.DispatcherServlet] Initializing Servlet 'dispatcherServlet'
[2024-12-16 10:59:17 INFO http-nio-8080-exec-1] [org.springframework.web.servlet.DispatcherServlet] Completed initialization in 0 ms
