[2024-12-11 12:15:19 INFO restartedMain] [com.green.greengramver.GreenGramVer3Application] Starting GreenGramVer3Application using Java 17.0.12 with PID 4824 (D:\SGSG\GreenGramVer3\build\classes\java\main started by Administrator in D:\SGSG\GreenGramVer3)
[2024-12-11 12:15:19 INFO restartedMain] [com.green.greengramver.GreenGramVer3Application] No active profile set, falling back to 1 default profile: "default"
[2024-12-11 12:15:19 INFO restartedMain] [org.springframework.boot.devtools.env.DevToolsPropertyDefaultsPostProcessor] Devtools property defaults active! Set 'spring.devtools.add-properties' to 'false' to disable
[2024-12-11 12:15:19 INFO restartedMain] [org.springframework.boot.devtools.env.DevToolsPropertyDefaultsPostProcessor] For additional web related logging consider setting the 'logging.level.web' property to 'DEBUG'
[2024-12-11 12:15:21 INFO restartedMain] [org.springframework.boot.web.embedded.tomcat.TomcatWebServer] Tomcat initialized with port 8080 (http)
[2024-12-11 12:15:21 INFO restartedMain] [org.apache.coyote.http11.Http11NioProtocol] Initializing ProtocolHandler ["http-nio-8080"]
[2024-12-11 12:15:21 INFO restartedMain] [org.apache.catalina.core.StandardService] Starting service [Tomcat]
[2024-12-11 12:15:21 INFO restartedMain] [org.apache.catalina.core.StandardEngine] Starting Servlet engine: [Apache Tomcat/10.1.33]
[2024-12-11 12:15:21 INFO restartedMain] [org.apache.catalina.core.ContainerBase.[Tomcat].[localhost].[/]] Initializing Spring embedded WebApplicationContext
[2024-12-11 12:15:21 INFO restartedMain] [org.springframework.boot.web.servlet.context.ServletWebServerApplicationContext] Root WebApplicationContext: initialization completed in 1391 ms
[2024-12-11 12:15:21 INFO restartedMain] [com.green.greengramver.common.MyFileUtils] MyfileUtils - 생성자: D:/SGSG/download/green_gram_ver3
[2024-12-11 12:15:21 INFO restartedMain] [org.springframework.boot.autoconfigure.web.servlet.WelcomePageHandlerMapping] Adding welcome page: class path resource [static/index.html]
[2024-12-11 12:15:21 INFO restartedMain] [org.springframework.boot.devtools.autoconfigure.OptionalLiveReloadServer] LiveReload server is running on port 35729
[2024-12-11 12:15:21 INFO restartedMain] [org.apache.coyote.http11.Http11NioProtocol] Starting ProtocolHandler ["http-nio-8080"]
[2024-12-11 12:15:21 INFO restartedMain] [org.springframework.boot.web.embedded.tomcat.TomcatWebServer] Tomcat started on port 8080 (http) with context path '/'
[2024-12-11 12:15:21 INFO restartedMain] [com.green.greengramver.GreenGramVer3Application] Started GreenGramVer3Application in 2.536 seconds (process running for 3.013)
[2024-12-11 12:15:22 INFO http-nio-8080-exec-1] [org.apache.catalina.core.ContainerBase.[Tomcat].[localhost].[/]] Initializing Spring DispatcherServlet 'dispatcherServlet'
[2024-12-11 12:15:22 INFO http-nio-8080-exec-1] [org.springframework.web.servlet.DispatcherServlet] Initializing Servlet 'dispatcherServlet'
[2024-12-11 12:15:22 INFO http-nio-8080-exec-1] [org.springframework.web.servlet.DispatcherServlet] Completed initialization in 2 ms
[2024-12-11 12:15:22 INFO http-nio-8080-exec-2] [org.springdoc.api.AbstractOpenApiResource] Init duration for springdoc-openapi is: 223 ms
[2024-12-11 12:15:45 INFO http-nio-8080-exec-1] [com.green.greengramver.feed.model.FeedGetReq] page: 1, size: null, userId: 18
[2024-12-11 12:15:45 INFO http-nio-8080-exec-1] [com.green.greengramver.feed.FeedController] p----------------------: FeedGetReq(signedUserId=18, profileUserId=null)
[2024-12-11 12:15:45 INFO http-nio-8080-exec-1] [com.zaxxer.hikari.HikariDataSource] HikariPool-1 - Starting...
[2024-12-11 12:15:45 INFO http-nio-8080-exec-1] [com.zaxxer.hikari.pool.HikariPool] HikariPool-1 - Added connection net.sf.log4jdbc.sql.jdbcapi.ConnectionSpy@df1caa7
[2024-12-11 12:15:45 INFO http-nio-8080-exec-1] [com.zaxxer.hikari.HikariDataSource] HikariPool-1 - Start completed.
[2024-12-11 12:15:45 DEBUGhttp-nio-8080-exec-1] [jdbc.sqltiming]  com.zaxxer.hikari.pool.ProxyPreparedStatement.execute(ProxyPreparedStatement.java:44)
1. SELECT A.feed_id AS feedId, A.contents, A.location, A.created_at AS createdAt,
        B.user_id AS writerUserId
        , IF(B.nick_name IS NULL, B.uid, B.nick_name) AS writerNm
        , B.uid, B.pic AS writerPic
        , IF(C.user_id IS NULL, 0, 1) AS isLike
        FROM feed A INNER JOIN user B
          ON A.writer_user_id = B.user_id
        LEFT JOIN feed_like C
           ON A.feed_id = C.feed_id
          AND C.user_id = 18

        ORDER BY A.feed_id DESC
        LIMIT 0, 20
 {executed in 4 msec}
[2024-12-11 12:15:45 INFO http-nio-8080-exec-1] [jdbc.resultsettable] 
|--------|-------------|---------|--------------------|--------|-------------|--------|-----------------------------------------|-------|
|feed_id |contents     |location |created_at          |user_id |writernm     |uid     |pic                                      |islike |
|--------|-------------|---------|--------------------|--------|-------------|--------|-----------------------------------------|-------|
|37      |ㅁㄴㅇㅁㄴㅇ       |ㅁㅁ       |2024-12-09 12:53:07 |12      |고길동          |test    |0944c2dd-b1f1-465b-ae33-6ffc2bb73db1.png |0      |
|36      |ㅇ            |ㅇ        |2024-12-06 13:08:11 |19      |사공그에게 압도적 감사 |test111 |null                                     |0      |
|35      |심영           |대구       |2024-12-04 12:05:00 |19      |사공그에게 압도적 감사 |test111 |null                                     |0      |
|34      |zzzz         |ㅁㅁ       |2024-12-04 11:16:26 |19      |사공그에게 압도적 감사 |test111 |null                                     |0      |
|33      |aaa          |ㅁㅁ       |2024-12-04 11:14:03 |19      |사공그에게 압도적 감사 |test111 |null                                     |0      |
|30      |i am panguin |남극       |2024-12-02 16:46:05 |18      |asd          |asd     |null                                     |0      |
|29      |asdf         |asdf     |2024-12-02 16:46:00 |17      |1234         |1234    |5caa864c-8be6-4f62-8764-e140c0225815.jpg |0      |
|28      |I am panguin |남극       |2024-11-29 16:49:58 |12      |고길동          |test    |0944c2dd-b1f1-465b-ae33-6ffc2bb73db1.png |0      |
|17      |sss          |ㅁㅁ       |2024-11-29 16:28:19 |12      |고길동          |test    |0944c2dd-b1f1-465b-ae33-6ffc2bb73db1.png |0      |
|16      |daf          |daf      |2024-11-29 16:20:17 |12      |고길동          |test    |0944c2dd-b1f1-465b-ae33-6ffc2bb73db1.png |0      |
|4       |테스트용22       |대구       |2024-11-29 10:37:54 |12      |고길동          |test    |0944c2dd-b1f1-465b-ae33-6ffc2bb73db1.png |0      |
|3       |테스트용22       |대구       |2024-11-29 10:37:17 |12      |고길동          |test    |0944c2dd-b1f1-465b-ae33-6ffc2bb73db1.png |0      |
|2       |테스트용22       |대구       |2024-11-29 10:36:40 |12      |고길동          |test    |0944c2dd-b1f1-465b-ae33-6ffc2bb73db1.png |0      |
|1       |블라블라         |대구       |2024-11-28 17:22:09 |12      |고길동          |test    |0944c2dd-b1f1-465b-ae33-6ffc2bb73db1.png |0      |
|--------|-------------|---------|--------------------|--------|-------------|--------|-----------------------------------------|-------|

[2024-12-11 12:15:45 DEBUGhttp-nio-8080-exec-1] [jdbc.sqltiming]  com.zaxxer.hikari.pool.ProxyPreparedStatement.execute(ProxyPreparedStatement.java:44)
1. SELECT feed_id AS feedId, pic
        FROM feed_pic
        WHERE feed_id IN
         (  
            37
         , 
            36
         , 
            35
         , 
            34
         , 
            33
         , 
            30
         , 
            29
         , 
            28
         , 
            17
         , 
            16
         , 
            4
         , 
            3
         , 
            2
         , 
            1
         ) 
        ORDER BY feed_id ASC
 {executed in 2 msec}
[2024-12-11 12:15:45 INFO http-nio-8080-exec-1] [jdbc.resultsettable] 
|--------|-----------------------------------------|
|feed_id |pic                                      |
|--------|-----------------------------------------|
|3       |72671603-d18a-4afa-a1d2-187c5a5464d6.jpg |
|4       |19745bd6-523d-468f-bf92-cf358d94c1cb.jpg |
|4       |b204120a-7d7a-4c47-a6ea-18ba7d978ee3.jpg |
|16      |7fb72374-427c-418f-a599-0765bf0bea9e.png |
|17      |e96cd3e4-753e-4649-8b4b-b324f69e7d03.jpg |
|28      |9fbccabe-5e07-400b-9fd9-99c75cbb4d96.jpg |
|29      |acf066ca-0e44-45c8-b170-e473f991ba71.jpg |
|30      |27fe12ea-7c45-4304-b062-c7346bfdeb1a.jpg |
|33      |58a9507e-031b-4f0c-a5d6-979f7643f1cf.jpg |
|34      |775dcb86-eeb7-4702-9b15-2d510587a7a1.png |
|35      |9b8b0baf-d195-4f2f-a49b-a878ee4f5c0e.gif |
|36      |e144db0a-63fe-4f99-b677-064862378052.jpg |
|37      |f72a3852-68a4-4709-9fcf-f957106a1059.png |
|--------|-----------------------------------------|

[2024-12-11 12:15:45 INFO http-nio-8080-exec-1] [com.green.greengramver.feed.FeedService] feedPicList: [FeedPicSel(feedId=3, pic=72671603-d18a-4afa-a1d2-187c5a5464d6.jpg), FeedPicSel(feedId=4, pic=19745bd6-523d-468f-bf92-cf358d94c1cb.jpg), FeedPicSel(feedId=4, pic=b204120a-7d7a-4c47-a6ea-18ba7d978ee3.jpg), FeedPicSel(feedId=16, pic=7fb72374-427c-418f-a599-0765bf0bea9e.png), FeedPicSel(feedId=17, pic=e96cd3e4-753e-4649-8b4b-b324f69e7d03.jpg), FeedPicSel(feedId=28, pic=9fbccabe-5e07-400b-9fd9-99c75cbb4d96.jpg), FeedPicSel(feedId=29, pic=acf066ca-0e44-45c8-b170-e473f991ba71.jpg), FeedPicSel(feedId=30, pic=27fe12ea-7c45-4304-b062-c7346bfdeb1a.jpg), FeedPicSel(feedId=33, pic=58a9507e-031b-4f0c-a5d6-979f7643f1cf.jpg), FeedPicSel(feedId=34, pic=775dcb86-eeb7-4702-9b15-2d510587a7a1.png), FeedPicSel(feedId=35, pic=9b8b0baf-d195-4f2f-a49b-a878ee4f5c0e.gif), FeedPicSel(feedId=36, pic=e144db0a-63fe-4f99-b677-064862378052.jpg), FeedPicSel(feedId=37, pic=f72a3852-68a4-4709-9fcf-f957106a1059.png)]
[2024-12-11 12:15:45 ERRORhttp-nio-8080-exec-1] [org.apache.catalina.core.ContainerBase.[Tomcat].[localhost].[/].[dispatcherServlet]] Servlet.service() for servlet [dispatcherServlet] in context with path [] threw exception [Request processing failed: org.apache.ibatis.binding.BindingException: Invalid bound statement (not found): com.green.greengramver.feed.comment.FeedCommentMapper.selFeedCommentListByFeedIdsLimit4] with root cause
org.apache.ibatis.binding.BindingException: Invalid bound statement (not found): com.green.greengramver.feed.comment.FeedCommentMapper.selFeedCommentListByFeedIdsLimit4
	at org.apache.ibatis.binding.MapperMethod$SqlCommand.<init>(MapperMethod.java:229)
	at org.apache.ibatis.binding.MapperMethod.<init>(MapperMethod.java:53)
	at org.apache.ibatis.binding.MapperProxy.lambda$cachedInvoker$0(MapperProxy.java:96)
	at java.base/java.util.concurrent.ConcurrentHashMap.computeIfAbsent(ConcurrentHashMap.java:1708)
	at org.apache.ibatis.util.MapUtil.computeIfAbsent(MapUtil.java:36)
	at org.apache.ibatis.binding.MapperProxy.cachedInvoker(MapperProxy.java:94)
	at org.apache.ibatis.binding.MapperProxy.invoke(MapperProxy.java:86)
	at jdk.proxy3/jdk.proxy3.$Proxy83.selFeedCommentListByFeedIdsLimit4(Unknown Source)
	at com.green.greengramver.feed.FeedService.getFeedList3(FeedService.java:173)
	at java.base/jdk.internal.reflect.NativeMethodAccessorImpl.invoke0(Native Method)
	at java.base/jdk.internal.reflect.NativeMethodAccessorImpl.invoke(NativeMethodAccessorImpl.java:77)
	at java.base/jdk.internal.reflect.DelegatingMethodAccessorImpl.invoke(DelegatingMethodAccessorImpl.java:43)
	at java.base/java.lang.reflect.Method.invoke(Method.java:569)
	at org.springframework.aop.support.AopUtils.invokeJoinpointUsingReflection(AopUtils.java:355)
	at org.springframework.aop.framework.CglibAopProxy$DynamicAdvisedInterceptor.intercept(CglibAopProxy.java:716)
	at com.green.greengramver.feed.FeedService$$SpringCGLIB$$0.getFeedList3(<generated>)
	at com.green.greengramver.feed.FeedController.getFeedList(FeedController.java:39)
	at java.base/jdk.internal.reflect.NativeMethodAccessorImpl.invoke0(Native Method)
	at java.base/jdk.internal.reflect.NativeMethodAccessorImpl.invoke(NativeMethodAccessorImpl.java:77)
	at java.base/jdk.internal.reflect.DelegatingMethodAccessorImpl.invoke(DelegatingMethodAccessorImpl.java:43)
	at java.base/java.lang.reflect.Method.invoke(Method.java:569)
	at org.springframework.web.method.support.InvocableHandlerMethod.doInvoke(InvocableHandlerMethod.java:255)
	at org.springframework.web.method.support.InvocableHandlerMethod.invokeForRequest(InvocableHandlerMethod.java:188)
	at org.springframework.web.servlet.mvc.method.annotation.ServletInvocableHandlerMethod.invokeAndHandle(ServletInvocableHandlerMethod.java:118)
	at org.springframework.web.servlet.mvc.method.annotation.RequestMappingHandlerAdapter.invokeHandlerMethod(RequestMappingHandlerAdapter.java:926)
	at org.springframework.web.servlet.mvc.method.annotation.RequestMappingHandlerAdapter.handleInternal(RequestMappingHandlerAdapter.java:831)
	at org.springframework.web.servlet.mvc.method.AbstractHandlerMethodAdapter.handle(AbstractHandlerMethodAdapter.java:87)
	at org.springframework.web.servlet.DispatcherServlet.doDispatch(DispatcherServlet.java:1089)
	at org.springframework.web.servlet.DispatcherServlet.doService(DispatcherServlet.java:979)
	at org.springframework.web.servlet.FrameworkServlet.processRequest(FrameworkServlet.java:1014)
	at org.springframework.web.servlet.FrameworkServlet.doGet(FrameworkServlet.java:903)
	at jakarta.servlet.http.HttpServlet.service(HttpServlet.java:564)
	at org.springframework.web.servlet.FrameworkServlet.service(FrameworkServlet.java:885)
	at jakarta.servlet.http.HttpServlet.service(HttpServlet.java:658)
	at org.apache.catalina.core.ApplicationFilterChain.internalDoFilter(ApplicationFilterChain.java:195)
	at org.apache.catalina.core.ApplicationFilterChain.doFilter(ApplicationFilterChain.java:140)
	at org.apache.tomcat.websocket.server.WsFilter.doFilter(WsFilter.java:51)
	at org.apache.catalina.core.ApplicationFilterChain.internalDoFilter(ApplicationFilterChain.java:164)
	at org.apache.catalina.core.ApplicationFilterChain.doFilter(ApplicationFilterChain.java:140)
	at org.springframework.web.filter.RequestContextFilter.doFilterInternal(RequestContextFilter.java:100)
	at org.springframework.web.filter.OncePerRequestFilter.doFilter(OncePerRequestFilter.java:116)
	at org.apache.catalina.core.ApplicationFilterChain.internalDoFilter(ApplicationFilterChain.java:164)
	at org.apache.catalina.core.ApplicationFilterChain.doFilter(ApplicationFilterChain.java:140)
	at org.springframework.web.filter.FormContentFilter.doFilterInternal(FormContentFilter.java:93)
	at org.springframework.web.filter.OncePerRequestFilter.doFilter(OncePerRequestFilter.java:116)
	at org.apache.catalina.core.ApplicationFilterChain.internalDoFilter(ApplicationFilterChain.java:164)
	at org.apache.catalina.core.ApplicationFilterChain.doFilter(ApplicationFilterChain.java:140)
	at org.springframework.web.filter.CharacterEncodingFilter.doFilterInternal(CharacterEncodingFilter.java:201)
	at org.springframework.web.filter.OncePerRequestFilter.doFilter(OncePerRequestFilter.java:116)
	at org.apache.catalina.core.ApplicationFilterChain.internalDoFilter(ApplicationFilterChain.java:164)
	at org.apache.catalina.core.ApplicationFilterChain.doFilter(ApplicationFilterChain.java:140)
	at org.apache.catalina.core.StandardWrapperValve.invoke(StandardWrapperValve.java:167)
	at org.apache.catalina.core.StandardContextValve.invoke(StandardContextValve.java:90)
	at org.apache.catalina.authenticator.AuthenticatorBase.invoke(AuthenticatorBase.java:483)
	at org.apache.catalina.core.StandardHostValve.invoke(StandardHostValve.java:115)
	at org.apache.catalina.valves.ErrorReportValve.invoke(ErrorReportValve.java:93)
	at org.apache.catalina.core.StandardEngineValve.invoke(StandardEngineValve.java:74)
	at org.apache.catalina.connector.CoyoteAdapter.service(CoyoteAdapter.java:344)
	at org.apache.coyote.http11.Http11Processor.service(Http11Processor.java:397)
	at org.apache.coyote.AbstractProcessorLight.process(AbstractProcessorLight.java:63)
	at org.apache.coyote.AbstractProtocol$ConnectionHandler.process(AbstractProtocol.java:905)
	at org.apache.tomcat.util.net.NioEndpoint$SocketProcessor.doRun(NioEndpoint.java:1741)
	at org.apache.tomcat.util.net.SocketProcessorBase.run(SocketProcessorBase.java:52)
	at org.apache.tomcat.util.threads.ThreadPoolExecutor.runWorker(ThreadPoolExecutor.java:1190)
	at org.apache.tomcat.util.threads.ThreadPoolExecutor$Worker.run(ThreadPoolExecutor.java:659)
	at org.apache.tomcat.util.threads.TaskThread$WrappingRunnable.run(TaskThread.java:63)
	at java.base/java.lang.Thread.run(Thread.java:840)
[2024-12-11 12:15:52 DEBUGhttp-nio-8080-exec-2] [jdbc.sqltiming]  com.zaxxer.hikari.pool.ProxyPreparedStatement.execute(ProxyPreparedStatement.java:44)
1. SELECT user_id AS userId
        , IFNULL(nick_name, uid) AS nickName
        , pic, upw
         FROM user
        WHERE uid = 'test'
 {executed in 2 msec}
[2024-12-11 12:15:52 INFO http-nio-8080-exec-2] [jdbc.resultsettable] 
|--------|---------|-----------------------------------------|-------------------------------------------------------------|
|user_id |nickname |pic                                      |upw                                                          |
|--------|---------|-----------------------------------------|-------------------------------------------------------------|
|12      |고길동      |0944c2dd-b1f1-465b-ae33-6ffc2bb73db1.png |$2a$10$U/746OTg9rqWqMItg5MZAe1UBBwQWPzI3p0ydhWCKD9i8NaD1rRia |
|--------|---------|-----------------------------------------|-------------------------------------------------------------|

[2024-12-11 12:15:53 INFO http-nio-8080-exec-7] [com.green.greengramver.feed.model.FeedGetReq] page: 1, size: null, userId: 12
[2024-12-11 12:15:53 INFO http-nio-8080-exec-7] [com.green.greengramver.feed.FeedController] p----------------------: FeedGetReq(signedUserId=12, profileUserId=null)
[2024-12-11 12:15:53 DEBUGhttp-nio-8080-exec-7] [jdbc.sqltiming]  com.zaxxer.hikari.pool.ProxyPreparedStatement.execute(ProxyPreparedStatement.java:44)
1. SELECT A.feed_id AS feedId, A.contents, A.location, A.created_at AS createdAt,
        B.user_id AS writerUserId
        , IF(B.nick_name IS NULL, B.uid, B.nick_name) AS writerNm
        , B.uid, B.pic AS writerPic
        , IF(C.user_id IS NULL, 0, 1) AS isLike
        FROM feed A INNER JOIN user B
          ON A.writer_user_id = B.user_id
        LEFT JOIN feed_like C
           ON A.feed_id = C.feed_id
          AND C.user_id = 12

        ORDER BY A.feed_id DESC
        LIMIT 0, 20
 {executed in 0 msec}
[2024-12-11 12:15:53 INFO http-nio-8080-exec-7] [jdbc.resultsettable] 
|--------|-------------|---------|--------------------|--------|-------------|--------|-----------------------------------------|-------|
|feed_id |contents     |location |created_at          |user_id |writernm     |uid     |pic                                      |islike |
|--------|-------------|---------|--------------------|--------|-------------|--------|-----------------------------------------|-------|
|37      |ㅁㄴㅇㅁㄴㅇ       |ㅁㅁ       |2024-12-09 12:53:07 |12      |고길동          |test    |0944c2dd-b1f1-465b-ae33-6ffc2bb73db1.png |0      |
|36      |ㅇ            |ㅇ        |2024-12-06 13:08:11 |19      |사공그에게 압도적 감사 |test111 |null                                     |0      |
|35      |심영           |대구       |2024-12-04 12:05:00 |19      |사공그에게 압도적 감사 |test111 |null                                     |0      |
|34      |zzzz         |ㅁㅁ       |2024-12-04 11:16:26 |19      |사공그에게 압도적 감사 |test111 |null                                     |0      |
|33      |aaa          |ㅁㅁ       |2024-12-04 11:14:03 |19      |사공그에게 압도적 감사 |test111 |null                                     |0      |
|30      |i am panguin |남극       |2024-12-02 16:46:05 |18      |asd          |asd     |null                                     |0      |
|29      |asdf         |asdf     |2024-12-02 16:46:00 |17      |1234         |1234    |5caa864c-8be6-4f62-8764-e140c0225815.jpg |0      |
|28      |I am panguin |남극       |2024-11-29 16:49:58 |12      |고길동          |test    |0944c2dd-b1f1-465b-ae33-6ffc2bb73db1.png |0      |
|17      |sss          |ㅁㅁ       |2024-11-29 16:28:19 |12      |고길동          |test    |0944c2dd-b1f1-465b-ae33-6ffc2bb73db1.png |0      |
|16      |daf          |daf      |2024-11-29 16:20:17 |12      |고길동          |test    |0944c2dd-b1f1-465b-ae33-6ffc2bb73db1.png |0      |
|4       |테스트용22       |대구       |2024-11-29 10:37:54 |12      |고길동          |test    |0944c2dd-b1f1-465b-ae33-6ffc2bb73db1.png |0      |
|3       |테스트용22       |대구       |2024-11-29 10:37:17 |12      |고길동          |test    |0944c2dd-b1f1-465b-ae33-6ffc2bb73db1.png |0      |
|2       |테스트용22       |대구       |2024-11-29 10:36:40 |12      |고길동          |test    |0944c2dd-b1f1-465b-ae33-6ffc2bb73db1.png |1      |
|1       |블라블라         |대구       |2024-11-28 17:22:09 |12      |고길동          |test    |0944c2dd-b1f1-465b-ae33-6ffc2bb73db1.png |1      |
|--------|-------------|---------|--------------------|--------|-------------|--------|-----------------------------------------|-------|

[2024-12-11 12:15:53 DEBUGhttp-nio-8080-exec-7] [jdbc.sqltiming]  com.zaxxer.hikari.pool.ProxyPreparedStatement.execute(ProxyPreparedStatement.java:44)
1. SELECT feed_id AS feedId, pic
        FROM feed_pic
        WHERE feed_id IN
         (  
            37
         , 
            36
         , 
            35
         , 
            34
         , 
            33
         , 
            30
         , 
            29
         , 
            28
         , 
            17
         , 
            16
         , 
            4
         , 
            3
         , 
            2
         , 
            1
         ) 
        ORDER BY feed_id ASC
 {executed in 0 msec}
[2024-12-11 12:15:53 INFO http-nio-8080-exec-7] [jdbc.resultsettable] 
|--------|-----------------------------------------|
|feed_id |pic                                      |
|--------|-----------------------------------------|
|3       |72671603-d18a-4afa-a1d2-187c5a5464d6.jpg |
|4       |19745bd6-523d-468f-bf92-cf358d94c1cb.jpg |
|4       |b204120a-7d7a-4c47-a6ea-18ba7d978ee3.jpg |
|16      |7fb72374-427c-418f-a599-0765bf0bea9e.png |
|17      |e96cd3e4-753e-4649-8b4b-b324f69e7d03.jpg |
|28      |9fbccabe-5e07-400b-9fd9-99c75cbb4d96.jpg |
|29      |acf066ca-0e44-45c8-b170-e473f991ba71.jpg |
|30      |27fe12ea-7c45-4304-b062-c7346bfdeb1a.jpg |
|33      |58a9507e-031b-4f0c-a5d6-979f7643f1cf.jpg |
|34      |775dcb86-eeb7-4702-9b15-2d510587a7a1.png |
|35      |9b8b0baf-d195-4f2f-a49b-a878ee4f5c0e.gif |
|36      |e144db0a-63fe-4f99-b677-064862378052.jpg |
|37      |f72a3852-68a4-4709-9fcf-f957106a1059.png |
|--------|-----------------------------------------|

[2024-12-11 12:15:53 INFO http-nio-8080-exec-7] [com.green.greengramver.feed.FeedService] feedPicList: [FeedPicSel(feedId=3, pic=72671603-d18a-4afa-a1d2-187c5a5464d6.jpg), FeedPicSel(feedId=4, pic=19745bd6-523d-468f-bf92-cf358d94c1cb.jpg), FeedPicSel(feedId=4, pic=b204120a-7d7a-4c47-a6ea-18ba7d978ee3.jpg), FeedPicSel(feedId=16, pic=7fb72374-427c-418f-a599-0765bf0bea9e.png), FeedPicSel(feedId=17, pic=e96cd3e4-753e-4649-8b4b-b324f69e7d03.jpg), FeedPicSel(feedId=28, pic=9fbccabe-5e07-400b-9fd9-99c75cbb4d96.jpg), FeedPicSel(feedId=29, pic=acf066ca-0e44-45c8-b170-e473f991ba71.jpg), FeedPicSel(feedId=30, pic=27fe12ea-7c45-4304-b062-c7346bfdeb1a.jpg), FeedPicSel(feedId=33, pic=58a9507e-031b-4f0c-a5d6-979f7643f1cf.jpg), FeedPicSel(feedId=34, pic=775dcb86-eeb7-4702-9b15-2d510587a7a1.png), FeedPicSel(feedId=35, pic=9b8b0baf-d195-4f2f-a49b-a878ee4f5c0e.gif), FeedPicSel(feedId=36, pic=e144db0a-63fe-4f99-b677-064862378052.jpg), FeedPicSel(feedId=37, pic=f72a3852-68a4-4709-9fcf-f957106a1059.png)]
[2024-12-11 12:15:53 ERRORhttp-nio-8080-exec-7] [org.apache.catalina.core.ContainerBase.[Tomcat].[localhost].[/].[dispatcherServlet]] Servlet.service() for servlet [dispatcherServlet] in context with path [] threw exception [Request processing failed: org.apache.ibatis.binding.BindingException: Invalid bound statement (not found): com.green.greengramver.feed.comment.FeedCommentMapper.selFeedCommentListByFeedIdsLimit4] with root cause
org.apache.ibatis.binding.BindingException: Invalid bound statement (not found): com.green.greengramver.feed.comment.FeedCommentMapper.selFeedCommentListByFeedIdsLimit4
	at org.apache.ibatis.binding.MapperMethod$SqlCommand.<init>(MapperMethod.java:229)
	at org.apache.ibatis.binding.MapperMethod.<init>(MapperMethod.java:53)
	at org.apache.ibatis.binding.MapperProxy.lambda$cachedInvoker$0(MapperProxy.java:96)
	at java.base/java.util.concurrent.ConcurrentHashMap.computeIfAbsent(ConcurrentHashMap.java:1708)
	at org.apache.ibatis.util.MapUtil.computeIfAbsent(MapUtil.java:36)
	at org.apache.ibatis.binding.MapperProxy.cachedInvoker(MapperProxy.java:94)
	at org.apache.ibatis.binding.MapperProxy.invoke(MapperProxy.java:86)
	at jdk.proxy3/jdk.proxy3.$Proxy83.selFeedCommentListByFeedIdsLimit4(Unknown Source)
	at com.green.greengramver.feed.FeedService.getFeedList3(FeedService.java:173)
	at java.base/jdk.internal.reflect.NativeMethodAccessorImpl.invoke0(Native Method)
	at java.base/jdk.internal.reflect.NativeMethodAccessorImpl.invoke(NativeMethodAccessorImpl.java:77)
	at java.base/jdk.internal.reflect.DelegatingMethodAccessorImpl.invoke(DelegatingMethodAccessorImpl.java:43)
	at java.base/java.lang.reflect.Method.invoke(Method.java:569)
	at org.springframework.aop.support.AopUtils.invokeJoinpointUsingReflection(AopUtils.java:355)
	at org.springframework.aop.framework.CglibAopProxy$DynamicAdvisedInterceptor.intercept(CglibAopProxy.java:716)
	at com.green.greengramver.feed.FeedService$$SpringCGLIB$$0.getFeedList3(<generated>)
	at com.green.greengramver.feed.FeedController.getFeedList(FeedController.java:39)
	at java.base/jdk.internal.reflect.NativeMethodAccessorImpl.invoke0(Native Method)
	at java.base/jdk.internal.reflect.NativeMethodAccessorImpl.invoke(NativeMethodAccessorImpl.java:77)
	at java.base/jdk.internal.reflect.DelegatingMethodAccessorImpl.invoke(DelegatingMethodAccessorImpl.java:43)
	at java.base/java.lang.reflect.Method.invoke(Method.java:569)
	at org.springframework.web.method.support.InvocableHandlerMethod.doInvoke(InvocableHandlerMethod.java:255)
	at org.springframework.web.method.support.InvocableHandlerMethod.invokeForRequest(InvocableHandlerMethod.java:188)
	at org.springframework.web.servlet.mvc.method.annotation.ServletInvocableHandlerMethod.invokeAndHandle(ServletInvocableHandlerMethod.java:118)
	at org.springframework.web.servlet.mvc.method.annotation.RequestMappingHandlerAdapter.invokeHandlerMethod(RequestMappingHandlerAdapter.java:926)
	at org.springframework.web.servlet.mvc.method.annotation.RequestMappingHandlerAdapter.handleInternal(RequestMappingHandlerAdapter.java:831)
	at org.springframework.web.servlet.mvc.method.AbstractHandlerMethodAdapter.handle(AbstractHandlerMethodAdapter.java:87)
	at org.springframework.web.servlet.DispatcherServlet.doDispatch(DispatcherServlet.java:1089)
	at org.springframework.web.servlet.DispatcherServlet.doService(DispatcherServlet.java:979)
	at org.springframework.web.servlet.FrameworkServlet.processRequest(FrameworkServlet.java:1014)
	at org.springframework.web.servlet.FrameworkServlet.doGet(FrameworkServlet.java:903)
	at jakarta.servlet.http.HttpServlet.service(HttpServlet.java:564)
	at org.springframework.web.servlet.FrameworkServlet.service(FrameworkServlet.java:885)
	at jakarta.servlet.http.HttpServlet.service(HttpServlet.java:658)
	at org.apache.catalina.core.ApplicationFilterChain.internalDoFilter(ApplicationFilterChain.java:195)
	at org.apache.catalina.core.ApplicationFilterChain.doFilter(ApplicationFilterChain.java:140)
	at org.apache.tomcat.websocket.server.WsFilter.doFilter(WsFilter.java:51)
	at org.apache.catalina.core.ApplicationFilterChain.internalDoFilter(ApplicationFilterChain.java:164)
	at org.apache.catalina.core.ApplicationFilterChain.doFilter(ApplicationFilterChain.java:140)
	at org.springframework.web.filter.RequestContextFilter.doFilterInternal(RequestContextFilter.java:100)
	at org.springframework.web.filter.OncePerRequestFilter.doFilter(OncePerRequestFilter.java:116)
	at org.apache.catalina.core.ApplicationFilterChain.internalDoFilter(ApplicationFilterChain.java:164)
	at org.apache.catalina.core.ApplicationFilterChain.doFilter(ApplicationFilterChain.java:140)
	at org.springframework.web.filter.FormContentFilter.doFilterInternal(FormContentFilter.java:93)
	at org.springframework.web.filter.OncePerRequestFilter.doFilter(OncePerRequestFilter.java:116)
	at org.apache.catalina.core.ApplicationFilterChain.internalDoFilter(ApplicationFilterChain.java:164)
	at org.apache.catalina.core.ApplicationFilterChain.doFilter(ApplicationFilterChain.java:140)
	at org.springframework.web.filter.CharacterEncodingFilter.doFilterInternal(CharacterEncodingFilter.java:201)
	at org.springframework.web.filter.OncePerRequestFilter.doFilter(OncePerRequestFilter.java:116)
	at org.apache.catalina.core.ApplicationFilterChain.internalDoFilter(ApplicationFilterChain.java:164)
	at org.apache.catalina.core.ApplicationFilterChain.doFilter(ApplicationFilterChain.java:140)
	at org.apache.catalina.core.StandardWrapperValve.invoke(StandardWrapperValve.java:167)
	at org.apache.catalina.core.StandardContextValve.invoke(StandardContextValve.java:90)
	at org.apache.catalina.authenticator.AuthenticatorBase.invoke(AuthenticatorBase.java:483)
	at org.apache.catalina.core.StandardHostValve.invoke(StandardHostValve.java:115)
	at org.apache.catalina.valves.ErrorReportValve.invoke(ErrorReportValve.java:93)
	at org.apache.catalina.core.StandardEngineValve.invoke(StandardEngineValve.java:74)
	at org.apache.catalina.connector.CoyoteAdapter.service(CoyoteAdapter.java:344)
	at org.apache.coyote.http11.Http11Processor.service(Http11Processor.java:397)
	at org.apache.coyote.AbstractProcessorLight.process(AbstractProcessorLight.java:63)
	at org.apache.coyote.AbstractProtocol$ConnectionHandler.process(AbstractProtocol.java:905)
	at org.apache.tomcat.util.net.NioEndpoint$SocketProcessor.doRun(NioEndpoint.java:1741)
	at org.apache.tomcat.util.net.SocketProcessorBase.run(SocketProcessorBase.java:52)
	at org.apache.tomcat.util.threads.ThreadPoolExecutor.runWorker(ThreadPoolExecutor.java:1190)
	at org.apache.tomcat.util.threads.ThreadPoolExecutor$Worker.run(ThreadPoolExecutor.java:659)
	at org.apache.tomcat.util.threads.TaskThread$WrappingRunnable.run(TaskThread.java:63)
	at java.base/java.lang.Thread.run(Thread.java:840)
[2024-12-11 12:15:56 INFO http-nio-8080-exec-10] [com.green.greengramver.feed.model.FeedGetReq] page: 1, size: null, userId: 12
[2024-12-11 12:15:56 INFO http-nio-8080-exec-10] [com.green.greengramver.feed.FeedController] p----------------------: FeedGetReq(signedUserId=12, profileUserId=12)
[2024-12-11 12:15:56 INFO http-nio-8080-exec-9] [com.green.greengramver.user.UserController] UserController > getUserInfo UserInfoGetReq(signedUserId=12, profileUserId=12)
[2024-12-11 12:15:56 DEBUGhttp-nio-8080-exec-10] [jdbc.sqltiming]  com.zaxxer.hikari.pool.ProxyPreparedStatement.execute(ProxyPreparedStatement.java:44)
1. SELECT A.feed_id AS feedId, A.contents, A.location, A.created_at AS createdAt,
        B.user_id AS writerUserId
        , IF(B.nick_name IS NULL, B.uid, B.nick_name) AS writerNm
        , B.uid, B.pic AS writerPic
        , IF(C.user_id IS NULL, 0, 1) AS isLike
        FROM feed A INNER JOIN user B
          ON A.writer_user_id = B.user_id
        LEFT JOIN feed_like C
           ON A.feed_id = C.feed_id
          AND C.user_id = 12

            WHERE writer_user_id = 12

        ORDER BY A.feed_id DESC
        LIMIT 0, 20
 {executed in 0 msec}
[2024-12-11 12:15:56 INFO http-nio-8080-exec-10] [jdbc.resultsettable] 
|--------|-------------|---------|--------------------|--------|---------|-----|-----------------------------------------|-------|
|feed_id |contents     |location |created_at          |user_id |writernm |uid  |pic                                      |islike |
|--------|-------------|---------|--------------------|--------|---------|-----|-----------------------------------------|-------|
|37      |ㅁㄴㅇㅁㄴㅇ       |ㅁㅁ       |2024-12-09 12:53:07 |12      |고길동      |test |0944c2dd-b1f1-465b-ae33-6ffc2bb73db1.png |0      |
|28      |I am panguin |남극       |2024-11-29 16:49:58 |12      |고길동      |test |0944c2dd-b1f1-465b-ae33-6ffc2bb73db1.png |0      |
|17      |sss          |ㅁㅁ       |2024-11-29 16:28:19 |12      |고길동      |test |0944c2dd-b1f1-465b-ae33-6ffc2bb73db1.png |0      |
|16      |daf          |daf      |2024-11-29 16:20:17 |12      |고길동      |test |0944c2dd-b1f1-465b-ae33-6ffc2bb73db1.png |0      |
|4       |테스트용22       |대구       |2024-11-29 10:37:54 |12      |고길동      |test |0944c2dd-b1f1-465b-ae33-6ffc2bb73db1.png |0      |
|3       |테스트용22       |대구       |2024-11-29 10:37:17 |12      |고길동      |test |0944c2dd-b1f1-465b-ae33-6ffc2bb73db1.png |0      |
|2       |테스트용22       |대구       |2024-11-29 10:36:40 |12      |고길동      |test |0944c2dd-b1f1-465b-ae33-6ffc2bb73db1.png |1      |
|1       |블라블라         |대구       |2024-11-28 17:22:09 |12      |고길동      |test |0944c2dd-b1f1-465b-ae33-6ffc2bb73db1.png |1      |
|--------|-------------|---------|--------------------|--------|---------|-----|-----------------------------------------|-------|

[2024-12-11 12:15:56 DEBUGhttp-nio-8080-exec-10] [jdbc.sqltiming]  com.zaxxer.hikari.pool.ProxyPreparedStatement.execute(ProxyPreparedStatement.java:44)
1. SELECT feed_id AS feedId, pic
        FROM feed_pic
        WHERE feed_id IN
         (  
            37
         , 
            28
         , 
            17
         , 
            16
         , 
            4
         , 
            3
         , 
            2
         , 
            1
         ) 
        ORDER BY feed_id ASC
 {executed in 1 msec}
[2024-12-11 12:15:56 INFO http-nio-8080-exec-10] [jdbc.resultsettable] 
|--------|-----------------------------------------|
|feed_id |pic                                      |
|--------|-----------------------------------------|
|3       |72671603-d18a-4afa-a1d2-187c5a5464d6.jpg |
|4       |19745bd6-523d-468f-bf92-cf358d94c1cb.jpg |
|4       |b204120a-7d7a-4c47-a6ea-18ba7d978ee3.jpg |
|16      |7fb72374-427c-418f-a599-0765bf0bea9e.png |
|17      |e96cd3e4-753e-4649-8b4b-b324f69e7d03.jpg |
|28      |9fbccabe-5e07-400b-9fd9-99c75cbb4d96.jpg |
|37      |f72a3852-68a4-4709-9fcf-f957106a1059.png |
|--------|-----------------------------------------|

[2024-12-11 12:15:56 INFO http-nio-8080-exec-10] [com.green.greengramver.feed.FeedService] feedPicList: [FeedPicSel(feedId=3, pic=72671603-d18a-4afa-a1d2-187c5a5464d6.jpg), FeedPicSel(feedId=4, pic=19745bd6-523d-468f-bf92-cf358d94c1cb.jpg), FeedPicSel(feedId=4, pic=b204120a-7d7a-4c47-a6ea-18ba7d978ee3.jpg), FeedPicSel(feedId=16, pic=7fb72374-427c-418f-a599-0765bf0bea9e.png), FeedPicSel(feedId=17, pic=e96cd3e4-753e-4649-8b4b-b324f69e7d03.jpg), FeedPicSel(feedId=28, pic=9fbccabe-5e07-400b-9fd9-99c75cbb4d96.jpg), FeedPicSel(feedId=37, pic=f72a3852-68a4-4709-9fcf-f957106a1059.png)]
[2024-12-11 12:15:56 ERRORhttp-nio-8080-exec-10] [org.apache.catalina.core.ContainerBase.[Tomcat].[localhost].[/].[dispatcherServlet]] Servlet.service() for servlet [dispatcherServlet] in context with path [] threw exception [Request processing failed: org.apache.ibatis.binding.BindingException: Invalid bound statement (not found): com.green.greengramver.feed.comment.FeedCommentMapper.selFeedCommentListByFeedIdsLimit4] with root cause
org.apache.ibatis.binding.BindingException: Invalid bound statement (not found): com.green.greengramver.feed.comment.FeedCommentMapper.selFeedCommentListByFeedIdsLimit4
	at org.apache.ibatis.binding.MapperMethod$SqlCommand.<init>(MapperMethod.java:229)
	at org.apache.ibatis.binding.MapperMethod.<init>(MapperMethod.java:53)
	at org.apache.ibatis.binding.MapperProxy.lambda$cachedInvoker$0(MapperProxy.java:96)
	at java.base/java.util.concurrent.ConcurrentHashMap.computeIfAbsent(ConcurrentHashMap.java:1708)
	at org.apache.ibatis.util.MapUtil.computeIfAbsent(MapUtil.java:36)
	at org.apache.ibatis.binding.MapperProxy.cachedInvoker(MapperProxy.java:94)
	at org.apache.ibatis.binding.MapperProxy.invoke(MapperProxy.java:86)
	at jdk.proxy3/jdk.proxy3.$Proxy83.selFeedCommentListByFeedIdsLimit4(Unknown Source)
	at com.green.greengramver.feed.FeedService.getFeedList3(FeedService.java:173)
	at java.base/jdk.internal.reflect.NativeMethodAccessorImpl.invoke0(Native Method)
	at java.base/jdk.internal.reflect.NativeMethodAccessorImpl.invoke(NativeMethodAccessorImpl.java:77)
	at java.base/jdk.internal.reflect.DelegatingMethodAccessorImpl.invoke(DelegatingMethodAccessorImpl.java:43)
	at java.base/java.lang.reflect.Method.invoke(Method.java:569)
	at org.springframework.aop.support.AopUtils.invokeJoinpointUsingReflection(AopUtils.java:355)
	at org.springframework.aop.framework.CglibAopProxy$DynamicAdvisedInterceptor.intercept(CglibAopProxy.java:716)
	at com.green.greengramver.feed.FeedService$$SpringCGLIB$$0.getFeedList3(<generated>)
	at com.green.greengramver.feed.FeedController.getFeedList(FeedController.java:39)
	at java.base/jdk.internal.reflect.NativeMethodAccessorImpl.invoke0(Native Method)
	at java.base/jdk.internal.reflect.NativeMethodAccessorImpl.invoke(NativeMethodAccessorImpl.java:77)
	at java.base/jdk.internal.reflect.DelegatingMethodAccessorImpl.invoke(DelegatingMethodAccessorImpl.java:43)
	at java.base/java.lang.reflect.Method.invoke(Method.java:569)
	at org.springframework.web.method.support.InvocableHandlerMethod.doInvoke(InvocableHandlerMethod.java:255)
	at org.springframework.web.method.support.InvocableHandlerMethod.invokeForRequest(InvocableHandlerMethod.java:188)
	at org.springframework.web.servlet.mvc.method.annotation.ServletInvocableHandlerMethod.invokeAndHandle(ServletInvocableHandlerMethod.java:118)
	at org.springframework.web.servlet.mvc.method.annotation.RequestMappingHandlerAdapter.invokeHandlerMethod(RequestMappingHandlerAdapter.java:926)
	at org.springframework.web.servlet.mvc.method.annotation.RequestMappingHandlerAdapter.handleInternal(RequestMappingHandlerAdapter.java:831)
	at org.springframework.web.servlet.mvc.method.AbstractHandlerMethodAdapter.handle(AbstractHandlerMethodAdapter.java:87)
	at org.springframework.web.servlet.DispatcherServlet.doDispatch(DispatcherServlet.java:1089)
	at org.springframework.web.servlet.DispatcherServlet.doService(DispatcherServlet.java:979)
	at org.springframework.web.servlet.FrameworkServlet.processRequest(FrameworkServlet.java:1014)
	at org.springframework.web.servlet.FrameworkServlet.doGet(FrameworkServlet.java:903)
	at jakarta.servlet.http.HttpServlet.service(HttpServlet.java:564)
	at org.springframework.web.servlet.FrameworkServlet.service(FrameworkServlet.java:885)
	at jakarta.servlet.http.HttpServlet.service(HttpServlet.java:658)
	at org.apache.catalina.core.ApplicationFilterChain.internalDoFilter(ApplicationFilterChain.java:195)
	at org.apache.catalina.core.ApplicationFilterChain.doFilter(ApplicationFilterChain.java:140)
	at org.apache.tomcat.websocket.server.WsFilter.doFilter(WsFilter.java:51)
	at org.apache.catalina.core.ApplicationFilterChain.internalDoFilter(ApplicationFilterChain.java:164)
	at org.apache.catalina.core.ApplicationFilterChain.doFilter(ApplicationFilterChain.java:140)
	at org.springframework.web.filter.RequestContextFilter.doFilterInternal(RequestContextFilter.java:100)
	at org.springframework.web.filter.OncePerRequestFilter.doFilter(OncePerRequestFilter.java:116)
	at org.apache.catalina.core.ApplicationFilterChain.internalDoFilter(ApplicationFilterChain.java:164)
	at org.apache.catalina.core.ApplicationFilterChain.doFilter(ApplicationFilterChain.java:140)
	at org.springframework.web.filter.FormContentFilter.doFilterInternal(FormContentFilter.java:93)
	at org.springframework.web.filter.OncePerRequestFilter.doFilter(OncePerRequestFilter.java:116)
	at org.apache.catalina.core.ApplicationFilterChain.internalDoFilter(ApplicationFilterChain.java:164)
	at org.apache.catalina.core.ApplicationFilterChain.doFilter(ApplicationFilterChain.java:140)
	at org.springframework.web.filter.CharacterEncodingFilter.doFilterInternal(CharacterEncodingFilter.java:201)
	at org.springframework.web.filter.OncePerRequestFilter.doFilter(OncePerRequestFilter.java:116)
	at org.apache.catalina.core.ApplicationFilterChain.internalDoFilter(ApplicationFilterChain.java:164)
	at org.apache.catalina.core.ApplicationFilterChain.doFilter(ApplicationFilterChain.java:140)
	at org.apache.catalina.core.StandardWrapperValve.invoke(StandardWrapperValve.java:167)
	at org.apache.catalina.core.StandardContextValve.invoke(StandardContextValve.java:90)
	at org.apache.catalina.authenticator.AuthenticatorBase.invoke(AuthenticatorBase.java:483)
	at org.apache.catalina.core.StandardHostValve.invoke(StandardHostValve.java:115)
	at org.apache.catalina.valves.ErrorReportValve.invoke(ErrorReportValve.java:93)
	at org.apache.catalina.core.StandardEngineValve.invoke(StandardEngineValve.java:74)
	at org.apache.catalina.connector.CoyoteAdapter.service(CoyoteAdapter.java:344)
	at org.apache.coyote.http11.Http11Processor.service(Http11Processor.java:397)
	at org.apache.coyote.AbstractProcessorLight.process(AbstractProcessorLight.java:63)
	at org.apache.coyote.AbstractProtocol$ConnectionHandler.process(AbstractProtocol.java:905)
	at org.apache.tomcat.util.net.NioEndpoint$SocketProcessor.doRun(NioEndpoint.java:1741)
	at org.apache.tomcat.util.net.SocketProcessorBase.run(SocketProcessorBase.java:52)
	at org.apache.tomcat.util.threads.ThreadPoolExecutor.runWorker(ThreadPoolExecutor.java:1190)
	at org.apache.tomcat.util.threads.ThreadPoolExecutor$Worker.run(ThreadPoolExecutor.java:659)
	at org.apache.tomcat.util.threads.TaskThread$WrappingRunnable.run(TaskThread.java:63)
	at java.base/java.lang.Thread.run(Thread.java:840)
[2024-12-11 12:15:56 DEBUGhttp-nio-8080-exec-9] [jdbc.sqltiming]  com.zaxxer.hikari.pool.ProxyPreparedStatement.execute(ProxyPreparedStatement.java:44)
2. SELECT A.user_id AS userId, A.pic, A.created_at AS createdAt
        , IF(A.nick_name IS NULL, A.uid, A.nick_name) AS nickName
        , COUNT(DISTINCT F1.from_user_id, F1.to_user_id) AS `follower`
        , COUNT(DISTINCT F2.from_user_id, F2.to_user_id) AS `following`
        , COUNT(DISTINCT F3.feed_id) AS feedCount
        , COUNT(DISTINCT F4.feed_id, F4.user_id) AS myFeedLikeCount
        , MAX(IF(F1.from_user_id = 12, 1, 0))
        + MAX(IF(F2.to_user_id = 12, 2, 0)) AS followState
        FROM user A
        LEFT JOIN user_follow F1
        ON A.user_id = F1.to_user_id  -- 프로필 사용자를 팔로잉한 다른 사용자
        LEFT JOIN user_follow F2
        ON A.user_id = F2.from_user_id -- 프로필 사용자가 팔로잉한 다른 사용자
        LEFT JOIN feed F3
        ON A.user_id = F3.writer_user_id -- 프로필 사용자가 작성한 피드
        LEFT JOIN feed_like F4
        ON F3.feed_id = F4.feed_id -- 프로필 사용자의 피드의 좋아요 정보
        WHERE A.user_id = 12
 {executed in 5 msec}
[2024-12-11 12:15:56 INFO http-nio-8080-exec-9] [jdbc.resultsettable] 
|--------|-----------------------------------------|--------------------|---------|---------|----------|----------|----------------|------------|
|user_id |pic                                      |created_at          |nickname |follower |following |feedcount |myfeedlikecount |followstate |
|--------|-----------------------------------------|--------------------|---------|---------|----------|----------|----------------|------------|
|12      |0944c2dd-b1f1-465b-ae33-6ffc2bb73db1.png |2024-11-28 12:59:12 |고길동      |0        |1         |8         |3               |0           |
|--------|-----------------------------------------|--------------------|---------|---------|----------|----------|----------------|------------|

[2024-12-11 12:49:12 INFO SpringApplicationShutdownHook] [com.zaxxer.hikari.HikariDataSource] HikariPool-1 - Shutdown initiated...
[2024-12-11 12:49:12 INFO SpringApplicationShutdownHook] [com.zaxxer.hikari.HikariDataSource] HikariPool-1 - Shutdown completed.
